<?xml version="1.0" encoding="UTF-8"?>
<testng-results skipped="2" failed="4" ignored="0" total="71" passed="65">
  <reporter-output>
    <line>
      <![CDATA[7cebb5c41f5e4e73457a6037ae215a2f6212d74b7f84198d13e7c54135e240a89f94a3d525ef75772cc94ab3f6b30df38b2b846ea6a31687654f6317866ac2d9]]>
    </line>
    <line>
      <![CDATA[异常数据请求结果为{"success":true,"code":"00000","message":"操作成功","data":{"pageNum":1,"pageSize":10,"total":6,"list":[{"id":300178,"createTime":null,"updateTime":null,"eff":null,"createUserId":null,"updateUserId":null,"createTimeStart":null,"createTimeEnd":null,"order":null,"status":null,"limitParam":null,"userId":993,"cardNumber":null,"cardDate":"2020-07-07","currentClasses":91,"currentClassesName":"研发班","lastClasses":null,"nextClasses":null,"absenceDuration":0.0,"absenceDurationStr":"0分钟","absenceEarly":0.0,"absenceLate":0.0,"actualFirstCard":null,"actualLastCard":null,"checkStartCard":"09:00","checkEndCard":"18:00","startReason":"1","startReasonName":null,"endReason":"1","endReasonName":null,"startRemark":"","endRemark":"","checkStatus":"6","checkStatusName":"草稿","attendanceDocId":2606,"effectTimeVacation":null,"dateType":"WORK_DAY","dateTypeName":"工作日","workPeriod":0.00,"workPeriodStr":"0.00","attendancePlanId":15,"attDept":102,"attDeptName":"支付组-变更","type":"NORMAL_ATTENDANCE","ondutyDate":"09:00","offdutyDate":"18:00","cardStartDate":"2020-07-07 05:00:00","cardStopDate":"2020-07-08 04:59:00","attendanceStatus":"UN_NOR","attendanceStatusName":"异常","effectRemarkVacation":"事假09:00-18:00[审批中]","vacationRecordList":null,"currentClassOjb":null,"halfPointDateTime":null,"processId":8466,"actualLstWorkday":null,"calculatedState":"SUCCESS_CALCULATED","calculatedStateName":"计算成功","calculatedResult":"最新计算时间:2020-07-07 19:06:32","userName":"张守婷新","jobCode":"bf1367","deptId":103,"deptName":"资管组","weekStr":"星期二","entryDate":"2018-06-04","empStatus":"2","empStatusName":"正式","orgDeptName":null,"earlyPointCheck":"1","latePointCheck":"1","vacationStartTime":"2020-07-07 09:00","vacationEndTime":"2020-07-07 18:00"},{"id":296361,"createTime":null,"updateTime":null,"eff":null,"createUserId":null,"updateUserId":null,"createTimeStart":null,"createTimeEnd":null,"order":null,"status":null,"limitParam":null,"userId":993,"cardNumber":null,"cardDate":"2020-07-03","currentClasses":91,"currentClassesName":"研发班","lastClasses":null,"nextClasses":null,"absenceDuration":480.0,"absenceDurationStr":"8小时0分钟","absenceEarly":180.0,"absenceLate":300.0,"actualFirstCard":"12:19","actualLastCard":"12:42","checkStartCard":null,"checkEndCard":null,"startReason":null,"startReasonName":null,"endReason":null,"endReasonName":null,"startRemark":null,"endRemark":null,"checkStatus":null,"checkStatusName":"","attendanceDocId":2606,"effectTimeVacation":null,"dateType":"WORK_DAY","dateTypeName":"工作日","workPeriod":0.00,"workPeriodStr":"0.00","attendancePlanId":15,"attDept":102,"attDeptName":"支付组-变更","type":"NORMAL_ATTENDANCE","ondutyDate":"09:00","offdutyDate":"18:00","cardStartDate":"2020-07-03 05:00:00","cardStopDate":"2020-07-04 04:59:00","attendanceStatus":"UN_NOR","attendanceStatusName":"异常","effectRemarkVacation":"","vacationRecordList":null,"currentClassOjb":null,"halfPointDateTime":null,"processId":null,"actualLstWorkday":null,"calculatedState":"SUCCESS_CALCULATED","calculatedStateName":"计算成功","calculatedResult":"最新计算时间:2020-07-07 19:06:31","userName":"张守婷新","jobCode":"bf1367","deptId":103,"deptName":"资管组","weekStr":"星期五","entryDate":"2018-06-04","empStatus":"2","empStatusName":"正式","orgDeptName":null,"earlyPointCheck":"1","latePointCheck":"1","vacationStartTime":"2020-07-03 09:00","vacationEndTime":"2020-07-03 18:00"},{"id":295417,"createTime":null,"updateTime":null,"eff":null,"createUserId":null,"updateUserId":null,"createTimeStart":null,"createTimeEnd":null,"order":null,"status":null,"limitParam":null,"userId":993,"cardNumber":null,"cardDate":"2020-07-02","currentClasses":91,"currentClassesName":"研发班","lastClasses":null,"nextClasses":null,"absenceDuration":480.0,"absenceDurationStr":"8小时0分钟","absenceEarly":210.0,"absenceLate":270.0,"actualFirstCard":null,"actualLastCard":null,"checkStartCard":"09:00","checkEndCard":"18:00","startReason":"1","startReasonName":null,"endReason":"1","endReasonName":null,"startRemark":null,"endRemark":null,"checkStatus":"1","checkStatusName":"审批中","attendanceDocId":2606,"effectTimeVacation":null,"dateType":"WORK_DAY","dateTypeName":"工作日","workPeriod":0.00,"workPeriodStr":"0.00","attendancePlanId":15,"attDept":102,"attDeptName":"支付组-变更","type":"NORMAL_ATTENDANCE","ondutyDate":"09:00","offdutyDate":"18:00","cardStartDate":"2020-07-02 05:00:00","cardStopDate":"2020-07-03 04:59:00","attendanceStatus":"UN_NOR","attendanceStatusName":"异常","effectRemarkVacation":"","vacationRecordList":null,"currentClassOjb":null,"halfPointDateTime":null,"processId":8377,"actualLstWorkday":null,"calculatedState":"SUCCESS_CALCULATED","calculatedStateName":"计算成功","calculatedResult":"最新计算时间:2020-07-07 19:06:31","userName":"张守婷新","jobCode":"bf1367","deptId":103,"deptName":"资管组","weekStr":"星期四","entryDate":"2018-06-04","empStatus":"2","empStatusName":"正式","orgDeptName":null,"earlyPointCheck":"1","latePointCheck":"1","vacationStartTime":"2020-07-02 09:00","vacationEndTime":"2020-07-02 18:00"},{"id":294481,"createTime":null,"updateTime":null,"eff":null,"createUserId":null,"updateUserId":null,"createTimeStart":null,"createTimeEnd":null,"order":null,"status":null,"limitParam":null,"userId":993,"cardNumber":null,"cardDate":"2020-07-01","currentClasses":91,"currentClassesName":"研发班","lastClasses":null,"nextClasses":null,"absenceDuration":480.0,"absenceDurationStr":"8小时0分钟","absenceEarly":210.0,"absenceLate":270.0,"actualFirstCard":null,"actualLastCard":null,"checkStartCard":null,"checkEndCard":null,"startReason":null,"startReasonName":null,"endReason":null,"endReasonName":null,"startRemark":null,"endRemark":null,"checkStatus":null,"checkStatusName":"","attendanceDocId":2606,"effectTimeVacation":null,"dateType":"WORK_DAY","dateTypeName":"工作日","workPeriod":0.00,"workPeriodStr":"0.00","attendancePlanId":15,"attDept":102,"attDeptName":"支付组-变更","type":"NORMAL_ATTENDANCE","ondutyDate":"09:00","offdutyDate":"18:00","cardStartDate":"2020-07-01 05:00:00","cardStopDate":"2020-07-02 04:59:00","attendanceStatus":"UN_NOR","attendanceStatusName":"异常","effectRemarkVacation":"事假09:00-18:00[审批中]","vacationRecordList":null,"currentClassOjb":null,"halfPointDateTime":null,"processId":null,"actualLstWorkday":null,"calculatedState":"SUCCESS_CALCULATED","calculatedStateName":"计算成功","calculatedResult":"最新计算时间:2020-07-07 19:06:31","userName":"张守婷新","jobCode":"bf1367","deptId":103,"deptName":"资管组","weekStr":"星期三","entryDate":"2018-06-04","empStatus":"2","empStatusName":"正式","orgDeptName":null,"earlyPointCheck":"1","latePointCheck":"1","vacationStartTime":"2020-07-01 09:00","vacationEndTime":"2020-07-01 18:00"},{"id":292596,"createTime":null,"updateTime":null,"eff":null,"createUserId":null,"updateUserId":null,"createTimeStart":null,"createTimeEnd":null,"order":null,"status":null,"limitParam":null,"userId":993,"cardNumber":null,"cardDate":"2020-06-29","currentClasses":91,"currentClassesName":"研发班","lastClasses":null,"nextClasses":null,"absenceDuration":480.0,"absenceDurationStr":"8小时0分钟","absenceEarly":210.0,"absenceLate":270.0,"actualFirstCard":null,"actualLastCard":null,"checkStartCard":"09:00","checkEndCard":"18:00","startReason":"1","startReasonName":null,"endReason":"1","endReasonName":null,"startRemark":null,"endRemark":null,"checkStatus":"7","checkStatusName":"终止","attendanceDocId":2606,"effectTimeVacation":null,"dateType":"WORK_DAY","dateTypeName":"工作日","workPeriod":0.00,"workPeriodStr":"0.00","attendancePlanId":15,"attDept":102,"attDeptName":"支付组-变更","type":"NORMAL_ATTENDANCE","ondutyDate":"09:00","offdutyDate":"18:00","cardStartDate":"2020-06-29 05:00:00","cardStopDate":"2020-06-30 04:59:00","attendanceStatus":"UN_NOR","attendanceStatusName":"异常","effectRemarkVacation":"","vacationRecordList":null,"currentClassOjb":null,"halfPointDateTime":null,"processId":8348,"actualLstWorkday":null,"calculatedState":"SUCCESS_CALCULATED","calculatedStateName":"计算成功","calculatedResult":"最新计算时间:2020-07-07 19:06:31","userName":"张守婷新","jobCode":"bf1367","deptId":103,"deptName":"资管组","weekStr":"星期一","entryDate":"2018-06-04","empStatus":"2","empStatusName":"正式","orgDeptName":null,"earlyPointCheck":"1","latePointCheck":"1","vacationStartTime":"2020-06-29 09:00","vacationEndTime":"2020-06-29 18:00"},{"id":289758,"createTime":null,"updateTime":null,"eff":null,"createUserId":null,"updateUserId":null,"createTimeStart":null,"createTimeEnd":null,"order":null,"status":null,"limitParam":null,"userId":993,"cardNumber":null,"cardDate":"2020-06-26","currentClasses":91,"currentClassesName":"研发班","lastClasses":null,"nextClasses":null,"absenceDuration":480.0,"absenceDurationStr":"8小时0分钟","absenceEarly":210.0,"absenceLate":270.0,"actualFirstCard":null,"actualLastCard":null,"checkStartCard":"09:00","checkEndCard":"18:00","startReason":"1","startReasonName":null,"endReason":"1","endReasonName":null,"startRemark":null,"endRemark":null,"checkStatus":"1","checkStatusName":"审批中","attendanceDocId":2606,"effectTimeVacation":null,"dateType":"WORK_DAY","dateTypeName":"工作日","workPeriod":0.00,"workPeriodStr":"0.00","attendancePlanId":15,"attDept":102,"attDeptName":"支付组-变更","type":"NORMAL_ATTENDANCE","ondutyDate":"09:00","offdutyDate":"18:00","cardStartDate":"2020-06-26 05:00:00","cardStopDate":"2020-06-27 04:59:00","attendanceStatus":"UN_NOR","attendanceStatusName":"异常","effectRemarkVacation":"","vacationRecordList":null,"currentClassOjb":null,"halfPointDateTime":null,"processId":8379,"actualLstWorkday":null,"calculatedState":"SUCCESS_CALCULATED","calculatedStateName":"计算成功","calculatedResult":"最新计算时间:2020-07-07 19:06:30","userName":"张守婷新","jobCode":"bf1367","deptId":103,"deptName":"资管组","weekStr":"星期五","entryDate":"2018-06-04","empStatus":"2","empStatusName":"正式","orgDeptName":null,"earlyPointCheck":"1","latePointCheck":"1","vacationStartTime":"2020-06-26 09:00","vacationEndTime":"2020-06-26 18:00"}],"pages":1,"hasPreviousPage":false,"hasNextPage":false,"prePage":0,"nextPage":0,"firstPage":true,"lastPage":true}}]]>
    </line>
  </reporter-output>
  <suite name="TestSuite" duration-ms="10687" started-at="2020-07-07T11:19:25Z" finished-at="2020-07-07T11:19:36Z">
    <groups>
    </groups>
    <test name="ehr_test" duration-ms="10687" started-at="2020-07-07T11:19:25Z" finished-at="2020-07-07T11:19:36Z">
      <class name="com.ehr.cases.ehr_attendance">
        <test-method status="PASS" signature="beforeTest()[pri:0, instance:com.ehr.cases.ehr_attendance@5a61f5df]" name="beforeTest" is-config="true" duration-ms="74" started-at="2020-07-07T19:19:25Z" finished-at="2020-07-07T19:19:25Z">
          <reporter-output>
          </reporter-output>
        </test-method> <!-- beforeTest -->
        <test-method status="PASS" signature="beforeTest()[pri:0, instance:com.ehr.cases.ehr_links@3551a94]" name="beforeTest" is-config="true" duration-ms="59" started-at="2020-07-07T19:19:25Z" finished-at="2020-07-07T19:19:25Z">
          <reporter-output>
          </reporter-output>
        </test-method> <!-- beforeTest -->
        <test-method status="PASS" signature="beforeTest()[pri:0, instance:com.ehr.cases.ehr_people@531be3c5]" name="beforeTest" is-config="true" duration-ms="111" started-at="2020-07-07T19:19:25Z" finished-at="2020-07-07T19:19:26Z">
          <reporter-output>
          </reporter-output>
        </test-method> <!-- beforeTest -->
        <test-method status="FAIL" signature="findErroAttendace()[pri:0, instance:com.ehr.cases.ehr_attendance@5a61f5df]" name="findErroAttendace" duration-ms="1573" started-at="2020-07-07T19:19:26Z" description="获取异常考勤数据" finished-at="2020-07-07T19:19:27Z">
          <exception class="java.lang.AssertionError">
            <message>
              <![CDATA[expected [true] but found [false]]]>
            </message>
            <full-stacktrace>
              <![CDATA[java.lang.AssertionError: expected [true] but found [false]
	at org.testng.Assert.fail(Assert.java:94)
	at org.testng.Assert.failNotEquals(Assert.java:513)
	at org.testng.Assert.assertTrue(Assert.java:42)
	at org.testng.Assert.assertTrue(Assert.java:52)
	at com.ehr.cases.ehr_attendance.findErroAttendace(ehr_attendance.java:107)
	at sun.reflect.NativeMethodAccessorImpl.invoke0(Native Method)
	at sun.reflect.NativeMethodAccessorImpl.invoke(NativeMethodAccessorImpl.java:62)
	at sun.reflect.DelegatingMethodAccessorImpl.invoke(DelegatingMethodAccessorImpl.java:43)
	at java.lang.reflect.Method.invoke(Method.java:498)
	at org.testng.internal.MethodInvocationHelper.invokeMethod(MethodInvocationHelper.java:104)
	at org.testng.internal.Invoker.invokeMethod(Invoker.java:645)
	at org.testng.internal.Invoker.invokeTestMethod(Invoker.java:851)
	at org.testng.internal.Invoker.invokeTestMethods(Invoker.java:1177)
	at org.testng.internal.TestMethodWorker.invokeTestMethods(TestMethodWorker.java:129)
	at org.testng.internal.TestMethodWorker.run(TestMethodWorker.java:112)
	at org.testng.TestRunner.privateRun(TestRunner.java:756)
	at org.testng.TestRunner.run(TestRunner.java:610)
	at org.testng.SuiteRunner.runTest(SuiteRunner.java:387)
	at org.testng.SuiteRunner.runSequentially(SuiteRunner.java:382)
	at org.testng.SuiteRunner.privateRun(SuiteRunner.java:340)
	at org.testng.SuiteRunner.run(SuiteRunner.java:289)
	at org.testng.SuiteRunnerWorker.runSuite(SuiteRunnerWorker.java:52)
	at org.testng.SuiteRunnerWorker.run(SuiteRunnerWorker.java:86)
	at org.testng.TestNG.runSuitesSequentially(TestNG.java:1293)
	at org.testng.TestNG.runSuitesLocally(TestNG.java:1218)
	at org.testng.TestNG.runSuites(TestNG.java:1133)
	at org.testng.TestNG.run(TestNG.java:1104)
	at org.apache.maven.surefire.testng.TestNGExecutor.run(TestNGExecutor.java:74)
	at org.apache.maven.surefire.testng.TestNGXmlTestSuite.execute(TestNGXmlTestSuite.java:93)
	at org.apache.maven.surefire.testng.TestNGProvider.invoke(TestNGProvider.java:101)
	at sun.reflect.NativeMethodAccessorImpl.invoke0(Native Method)
	at sun.reflect.NativeMethodAccessorImpl.invoke(NativeMethodAccessorImpl.java:62)
	at sun.reflect.DelegatingMethodAccessorImpl.invoke(DelegatingMethodAccessorImpl.java:43)
	at java.lang.reflect.Method.invoke(Method.java:498)
	at org.apache.maven.surefire.booter.ProviderFactory$ClassLoaderProxy.invoke(ProviderFactory.java:103)
	at com.sun.proxy.$Proxy0.invoke(Unknown Source)
	at org.apache.maven.surefire.booter.SurefireStarter.invokeProvider(SurefireStarter.java:145)
	at org.apache.maven.surefire.booter.SurefireStarter.runSuitesInProcess(SurefireStarter.java:87)
	at org.apache.maven.surefire.booter.ForkedBooter.main(ForkedBooter.java:69)
]]>
            </full-stacktrace>
          </exception> <!-- java.lang.AssertionError -->
          <reporter-output>
            <line>
              <![CDATA[异常数据请求结果为{"success":true,"code":"00000","message":"操作成功","data":{"pageNum":1,"pageSize":10,"total":6,"list":[{"id":300178,"createTime":null,"updateTime":null,"eff":null,"createUserId":null,"updateUserId":null,"createTimeStart":null,"createTimeEnd":null,"order":null,"status":null,"limitParam":null,"userId":993,"cardNumber":null,"cardDate":"2020-07-07","currentClasses":91,"currentClassesName":"研发班","lastClasses":null,"nextClasses":null,"absenceDuration":0.0,"absenceDurationStr":"0分钟","absenceEarly":0.0,"absenceLate":0.0,"actualFirstCard":null,"actualLastCard":null,"checkStartCard":"09:00","checkEndCard":"18:00","startReason":"1","startReasonName":null,"endReason":"1","endReasonName":null,"startRemark":"","endRemark":"","checkStatus":"6","checkStatusName":"草稿","attendanceDocId":2606,"effectTimeVacation":null,"dateType":"WORK_DAY","dateTypeName":"工作日","workPeriod":0.00,"workPeriodStr":"0.00","attendancePlanId":15,"attDept":102,"attDeptName":"支付组-变更","type":"NORMAL_ATTENDANCE","ondutyDate":"09:00","offdutyDate":"18:00","cardStartDate":"2020-07-07 05:00:00","cardStopDate":"2020-07-08 04:59:00","attendanceStatus":"UN_NOR","attendanceStatusName":"异常","effectRemarkVacation":"事假09:00-18:00[审批中]","vacationRecordList":null,"currentClassOjb":null,"halfPointDateTime":null,"processId":8466,"actualLstWorkday":null,"calculatedState":"SUCCESS_CALCULATED","calculatedStateName":"计算成功","calculatedResult":"最新计算时间:2020-07-07 19:06:32","userName":"张守婷新","jobCode":"bf1367","deptId":103,"deptName":"资管组","weekStr":"星期二","entryDate":"2018-06-04","empStatus":"2","empStatusName":"正式","orgDeptName":null,"earlyPointCheck":"1","latePointCheck":"1","vacationStartTime":"2020-07-07 09:00","vacationEndTime":"2020-07-07 18:00"},{"id":296361,"createTime":null,"updateTime":null,"eff":null,"createUserId":null,"updateUserId":null,"createTimeStart":null,"createTimeEnd":null,"order":null,"status":null,"limitParam":null,"userId":993,"cardNumber":null,"cardDate":"2020-07-03","currentClasses":91,"currentClassesName":"研发班","lastClasses":null,"nextClasses":null,"absenceDuration":480.0,"absenceDurationStr":"8小时0分钟","absenceEarly":180.0,"absenceLate":300.0,"actualFirstCard":"12:19","actualLastCard":"12:42","checkStartCard":null,"checkEndCard":null,"startReason":null,"startReasonName":null,"endReason":null,"endReasonName":null,"startRemark":null,"endRemark":null,"checkStatus":null,"checkStatusName":"","attendanceDocId":2606,"effectTimeVacation":null,"dateType":"WORK_DAY","dateTypeName":"工作日","workPeriod":0.00,"workPeriodStr":"0.00","attendancePlanId":15,"attDept":102,"attDeptName":"支付组-变更","type":"NORMAL_ATTENDANCE","ondutyDate":"09:00","offdutyDate":"18:00","cardStartDate":"2020-07-03 05:00:00","cardStopDate":"2020-07-04 04:59:00","attendanceStatus":"UN_NOR","attendanceStatusName":"异常","effectRemarkVacation":"","vacationRecordList":null,"currentClassOjb":null,"halfPointDateTime":null,"processId":null,"actualLstWorkday":null,"calculatedState":"SUCCESS_CALCULATED","calculatedStateName":"计算成功","calculatedResult":"最新计算时间:2020-07-07 19:06:31","userName":"张守婷新","jobCode":"bf1367","deptId":103,"deptName":"资管组","weekStr":"星期五","entryDate":"2018-06-04","empStatus":"2","empStatusName":"正式","orgDeptName":null,"earlyPointCheck":"1","latePointCheck":"1","vacationStartTime":"2020-07-03 09:00","vacationEndTime":"2020-07-03 18:00"},{"id":295417,"createTime":null,"updateTime":null,"eff":null,"createUserId":null,"updateUserId":null,"createTimeStart":null,"createTimeEnd":null,"order":null,"status":null,"limitParam":null,"userId":993,"cardNumber":null,"cardDate":"2020-07-02","currentClasses":91,"currentClassesName":"研发班","lastClasses":null,"nextClasses":null,"absenceDuration":480.0,"absenceDurationStr":"8小时0分钟","absenceEarly":210.0,"absenceLate":270.0,"actualFirstCard":null,"actualLastCard":null,"checkStartCard":"09:00","checkEndCard":"18:00","startReason":"1","startReasonName":null,"endReason":"1","endReasonName":null,"startRemark":null,"endRemark":null,"checkStatus":"1","checkStatusName":"审批中","attendanceDocId":2606,"effectTimeVacation":null,"dateType":"WORK_DAY","dateTypeName":"工作日","workPeriod":0.00,"workPeriodStr":"0.00","attendancePlanId":15,"attDept":102,"attDeptName":"支付组-变更","type":"NORMAL_ATTENDANCE","ondutyDate":"09:00","offdutyDate":"18:00","cardStartDate":"2020-07-02 05:00:00","cardStopDate":"2020-07-03 04:59:00","attendanceStatus":"UN_NOR","attendanceStatusName":"异常","effectRemarkVacation":"","vacationRecordList":null,"currentClassOjb":null,"halfPointDateTime":null,"processId":8377,"actualLstWorkday":null,"calculatedState":"SUCCESS_CALCULATED","calculatedStateName":"计算成功","calculatedResult":"最新计算时间:2020-07-07 19:06:31","userName":"张守婷新","jobCode":"bf1367","deptId":103,"deptName":"资管组","weekStr":"星期四","entryDate":"2018-06-04","empStatus":"2","empStatusName":"正式","orgDeptName":null,"earlyPointCheck":"1","latePointCheck":"1","vacationStartTime":"2020-07-02 09:00","vacationEndTime":"2020-07-02 18:00"},{"id":294481,"createTime":null,"updateTime":null,"eff":null,"createUserId":null,"updateUserId":null,"createTimeStart":null,"createTimeEnd":null,"order":null,"status":null,"limitParam":null,"userId":993,"cardNumber":null,"cardDate":"2020-07-01","currentClasses":91,"currentClassesName":"研发班","lastClasses":null,"nextClasses":null,"absenceDuration":480.0,"absenceDurationStr":"8小时0分钟","absenceEarly":210.0,"absenceLate":270.0,"actualFirstCard":null,"actualLastCard":null,"checkStartCard":null,"checkEndCard":null,"startReason":null,"startReasonName":null,"endReason":null,"endReasonName":null,"startRemark":null,"endRemark":null,"checkStatus":null,"checkStatusName":"","attendanceDocId":2606,"effectTimeVacation":null,"dateType":"WORK_DAY","dateTypeName":"工作日","workPeriod":0.00,"workPeriodStr":"0.00","attendancePlanId":15,"attDept":102,"attDeptName":"支付组-变更","type":"NORMAL_ATTENDANCE","ondutyDate":"09:00","offdutyDate":"18:00","cardStartDate":"2020-07-01 05:00:00","cardStopDate":"2020-07-02 04:59:00","attendanceStatus":"UN_NOR","attendanceStatusName":"异常","effectRemarkVacation":"事假09:00-18:00[审批中]","vacationRecordList":null,"currentClassOjb":null,"halfPointDateTime":null,"processId":null,"actualLstWorkday":null,"calculatedState":"SUCCESS_CALCULATED","calculatedStateName":"计算成功","calculatedResult":"最新计算时间:2020-07-07 19:06:31","userName":"张守婷新","jobCode":"bf1367","deptId":103,"deptName":"资管组","weekStr":"星期三","entryDate":"2018-06-04","empStatus":"2","empStatusName":"正式","orgDeptName":null,"earlyPointCheck":"1","latePointCheck":"1","vacationStartTime":"2020-07-01 09:00","vacationEndTime":"2020-07-01 18:00"},{"id":292596,"createTime":null,"updateTime":null,"eff":null,"createUserId":null,"updateUserId":null,"createTimeStart":null,"createTimeEnd":null,"order":null,"status":null,"limitParam":null,"userId":993,"cardNumber":null,"cardDate":"2020-06-29","currentClasses":91,"currentClassesName":"研发班","lastClasses":null,"nextClasses":null,"absenceDuration":480.0,"absenceDurationStr":"8小时0分钟","absenceEarly":210.0,"absenceLate":270.0,"actualFirstCard":null,"actualLastCard":null,"checkStartCard":"09:00","checkEndCard":"18:00","startReason":"1","startReasonName":null,"endReason":"1","endReasonName":null,"startRemark":null,"endRemark":null,"checkStatus":"7","checkStatusName":"终止","attendanceDocId":2606,"effectTimeVacation":null,"dateType":"WORK_DAY","dateTypeName":"工作日","workPeriod":0.00,"workPeriodStr":"0.00","attendancePlanId":15,"attDept":102,"attDeptName":"支付组-变更","type":"NORMAL_ATTENDANCE","ondutyDate":"09:00","offdutyDate":"18:00","cardStartDate":"2020-06-29 05:00:00","cardStopDate":"2020-06-30 04:59:00","attendanceStatus":"UN_NOR","attendanceStatusName":"异常","effectRemarkVacation":"","vacationRecordList":null,"currentClassOjb":null,"halfPointDateTime":null,"processId":8348,"actualLstWorkday":null,"calculatedState":"SUCCESS_CALCULATED","calculatedStateName":"计算成功","calculatedResult":"最新计算时间:2020-07-07 19:06:31","userName":"张守婷新","jobCode":"bf1367","deptId":103,"deptName":"资管组","weekStr":"星期一","entryDate":"2018-06-04","empStatus":"2","empStatusName":"正式","orgDeptName":null,"earlyPointCheck":"1","latePointCheck":"1","vacationStartTime":"2020-06-29 09:00","vacationEndTime":"2020-06-29 18:00"},{"id":289758,"createTime":null,"updateTime":null,"eff":null,"createUserId":null,"updateUserId":null,"createTimeStart":null,"createTimeEnd":null,"order":null,"status":null,"limitParam":null,"userId":993,"cardNumber":null,"cardDate":"2020-06-26","currentClasses":91,"currentClassesName":"研发班","lastClasses":null,"nextClasses":null,"absenceDuration":480.0,"absenceDurationStr":"8小时0分钟","absenceEarly":210.0,"absenceLate":270.0,"actualFirstCard":null,"actualLastCard":null,"checkStartCard":"09:00","checkEndCard":"18:00","startReason":"1","startReasonName":null,"endReason":"1","endReasonName":null,"startRemark":null,"endRemark":null,"checkStatus":"1","checkStatusName":"审批中","attendanceDocId":2606,"effectTimeVacation":null,"dateType":"WORK_DAY","dateTypeName":"工作日","workPeriod":0.00,"workPeriodStr":"0.00","attendancePlanId":15,"attDept":102,"attDeptName":"支付组-变更","type":"NORMAL_ATTENDANCE","ondutyDate":"09:00","offdutyDate":"18:00","cardStartDate":"2020-06-26 05:00:00","cardStopDate":"2020-06-27 04:59:00","attendanceStatus":"UN_NOR","attendanceStatusName":"异常","effectRemarkVacation":"","vacationRecordList":null,"currentClassOjb":null,"halfPointDateTime":null,"processId":8379,"actualLstWorkday":null,"calculatedState":"SUCCESS_CALCULATED","calculatedStateName":"计算成功","calculatedResult":"最新计算时间:2020-07-07 19:06:30","userName":"张守婷新","jobCode":"bf1367","deptId":103,"deptName":"资管组","weekStr":"星期五","entryDate":"2018-06-04","empStatus":"2","empStatusName":"正式","orgDeptName":null,"earlyPointCheck":"1","latePointCheck":"1","vacationStartTime":"2020-06-26 09:00","vacationEndTime":"2020-06-26 18:00"}],"pages":1,"hasPreviousPage":false,"hasNextPage":false,"prePage":0,"nextPage":0,"firstPage":true,"lastPage":true}}]]>
            </line>
          </reporter-output>
        </test-method> <!-- findErroAttendace -->
        <test-method status="PASS" signature="getAllPageTask()[pri:0, instance:com.ehr.cases.ehr_attendance@5a61f5df]" name="getAllPageTask" duration-ms="205" started-at="2020-07-07T19:19:27Z" description="流程监控" finished-at="2020-07-07T19:19:27Z">
          <reporter-output>
          </reporter-output>
        </test-method> <!-- getAllPageTask -->
        <test-method status="PASS" signature="myOvertimeListPage()[pri:0, instance:com.ehr.cases.ehr_attendance@5a61f5df]" name="myOvertimeListPage" duration-ms="80" started-at="2020-07-07T19:19:27Z" description="我的加班-已审批" finished-at="2020-07-07T19:19:27Z">
          <reporter-output>
          </reporter-output>
        </test-method> <!-- myOvertimeListPage -->
        <test-method status="PASS" signature="myVacatoinPage()[pri:0, instance:com.ehr.cases.ehr_attendance@5a61f5df]" name="myVacatoinPage" duration-ms="82" started-at="2020-07-07T19:19:27Z" description="我的请假-已审批" finished-at="2020-07-07T19:19:28Z">
          <reporter-output>
          </reporter-output>
        </test-method> <!-- myVacatoinPage -->
        <test-method status="FAIL" signature="overtimeApply()[pri:0, instance:com.ehr.cases.ehr_attendance@5a61f5df]" name="overtimeApply" duration-ms="453" started-at="2020-07-07T19:19:28Z" description="加班" finished-at="2020-07-07T19:19:28Z">
          <exception class="java.lang.NullPointerException">
            <full-stacktrace>
              <![CDATA[java.lang.NullPointerException
	at com.ehr.cases.ehr_attendance.overtimeApply(ehr_attendance.java:184)
	at sun.reflect.NativeMethodAccessorImpl.invoke0(Native Method)
	at sun.reflect.NativeMethodAccessorImpl.invoke(NativeMethodAccessorImpl.java:62)
	at sun.reflect.DelegatingMethodAccessorImpl.invoke(DelegatingMethodAccessorImpl.java:43)
	at java.lang.reflect.Method.invoke(Method.java:498)
	at org.testng.internal.MethodInvocationHelper.invokeMethod(MethodInvocationHelper.java:104)
	at org.testng.internal.Invoker.invokeMethod(Invoker.java:645)
	at org.testng.internal.Invoker.invokeTestMethod(Invoker.java:851)
	at org.testng.internal.Invoker.invokeTestMethods(Invoker.java:1177)
	at org.testng.internal.TestMethodWorker.invokeTestMethods(TestMethodWorker.java:129)
	at org.testng.internal.TestMethodWorker.run(TestMethodWorker.java:112)
	at org.testng.TestRunner.privateRun(TestRunner.java:756)
	at org.testng.TestRunner.run(TestRunner.java:610)
	at org.testng.SuiteRunner.runTest(SuiteRunner.java:387)
	at org.testng.SuiteRunner.runSequentially(SuiteRunner.java:382)
	at org.testng.SuiteRunner.privateRun(SuiteRunner.java:340)
	at org.testng.SuiteRunner.run(SuiteRunner.java:289)
	at org.testng.SuiteRunnerWorker.runSuite(SuiteRunnerWorker.java:52)
	at org.testng.SuiteRunnerWorker.run(SuiteRunnerWorker.java:86)
	at org.testng.TestNG.runSuitesSequentially(TestNG.java:1293)
	at org.testng.TestNG.runSuitesLocally(TestNG.java:1218)
	at org.testng.TestNG.runSuites(TestNG.java:1133)
	at org.testng.TestNG.run(TestNG.java:1104)
	at org.apache.maven.surefire.testng.TestNGExecutor.run(TestNGExecutor.java:74)
	at org.apache.maven.surefire.testng.TestNGXmlTestSuite.execute(TestNGXmlTestSuite.java:93)
	at org.apache.maven.surefire.testng.TestNGProvider.invoke(TestNGProvider.java:101)
	at sun.reflect.NativeMethodAccessorImpl.invoke0(Native Method)
	at sun.reflect.NativeMethodAccessorImpl.invoke(NativeMethodAccessorImpl.java:62)
	at sun.reflect.DelegatingMethodAccessorImpl.invoke(DelegatingMethodAccessorImpl.java:43)
	at java.lang.reflect.Method.invoke(Method.java:498)
	at org.apache.maven.surefire.booter.ProviderFactory$ClassLoaderProxy.invoke(ProviderFactory.java:103)
	at com.sun.proxy.$Proxy0.invoke(Unknown Source)
	at org.apache.maven.surefire.booter.SurefireStarter.invokeProvider(SurefireStarter.java:145)
	at org.apache.maven.surefire.booter.SurefireStarter.runSuitesInProcess(SurefireStarter.java:87)
	at org.apache.maven.surefire.booter.ForkedBooter.main(ForkedBooter.java:69)
]]>
            </full-stacktrace>
          </exception> <!-- java.lang.NullPointerException -->
          <reporter-output>
          </reporter-output>
        </test-method> <!-- overtimeApply -->
        <test-method status="SKIP" signature="fillCheckApply()[pri:0, instance:com.ehr.cases.ehr_attendance@5a61f5df]" name="fillCheckApply" duration-ms="0" started-at="2020-07-07T19:19:28Z" description="补签" depends-on-methods="com.ehr.cases.ehr_attendance.findErroAttendace" finished-at="2020-07-07T19:19:28Z">
          <exception class="java.lang.Throwable">
            <message>
              <![CDATA[Method ehr_attendance.fillCheckApply()[pri:0, instance:com.ehr.cases.ehr_attendance@5a61f5df] depends on not successfully finished methods]]>
            </message>
            <full-stacktrace>
              <![CDATA[java.lang.Throwable: Method ehr_attendance.fillCheckApply()[pri:0, instance:com.ehr.cases.ehr_attendance@5a61f5df] depends on not successfully finished methods
	at org.testng.internal.Invoker.invokeTestMethods(Invoker.java:1068)
	at org.testng.internal.TestMethodWorker.invokeTestMethods(TestMethodWorker.java:129)
	at org.testng.internal.TestMethodWorker.run(TestMethodWorker.java:112)
	at org.testng.TestRunner.privateRun(TestRunner.java:756)
	at org.testng.TestRunner.run(TestRunner.java:610)
	at org.testng.SuiteRunner.runTest(SuiteRunner.java:387)
	at org.testng.SuiteRunner.runSequentially(SuiteRunner.java:382)
	at org.testng.SuiteRunner.privateRun(SuiteRunner.java:340)
	at org.testng.SuiteRunner.run(SuiteRunner.java:289)
	at org.testng.SuiteRunnerWorker.runSuite(SuiteRunnerWorker.java:52)
	at org.testng.SuiteRunnerWorker.run(SuiteRunnerWorker.java:86)
	at org.testng.TestNG.runSuitesSequentially(TestNG.java:1293)
	at org.testng.TestNG.runSuitesLocally(TestNG.java:1218)
	at org.testng.TestNG.runSuites(TestNG.java:1133)
	at org.testng.TestNG.run(TestNG.java:1104)
	at org.apache.maven.surefire.testng.TestNGExecutor.run(TestNGExecutor.java:74)
	at org.apache.maven.surefire.testng.TestNGXmlTestSuite.execute(TestNGXmlTestSuite.java:93)
	at org.apache.maven.surefire.testng.TestNGProvider.invoke(TestNGProvider.java:101)
	at sun.reflect.NativeMethodAccessorImpl.invoke0(Native Method)
	at sun.reflect.NativeMethodAccessorImpl.invoke(NativeMethodAccessorImpl.java:62)
	at sun.reflect.DelegatingMethodAccessorImpl.invoke(DelegatingMethodAccessorImpl.java:43)
	at java.lang.reflect.Method.invoke(Method.java:498)
	at org.apache.maven.surefire.booter.ProviderFactory$ClassLoaderProxy.invoke(ProviderFactory.java:103)
	at com.sun.proxy.$Proxy0.invoke(Unknown Source)
	at org.apache.maven.surefire.booter.SurefireStarter.invokeProvider(SurefireStarter.java:145)
	at org.apache.maven.surefire.booter.SurefireStarter.runSuitesInProcess(SurefireStarter.java:87)
	at org.apache.maven.surefire.booter.ForkedBooter.main(ForkedBooter.java:69)
]]>
            </full-stacktrace>
          </exception> <!-- java.lang.Throwable -->
          <reporter-output>
          </reporter-output>
        </test-method> <!-- fillCheckApply -->
        <test-method status="FAIL" signature="OvertimeRevocation()[pri:0, instance:com.ehr.cases.ehr_attendance@5a61f5df]" name="OvertimeRevocation" duration-ms="58" started-at="2020-07-07T19:19:28Z" description="加班撤销" depends-on-methods="com.ehr.cases.ehr_attendance.myOvertimeListPage" finished-at="2020-07-07T19:19:28Z">
          <exception class="java.lang.AssertionError">
            <message>
              <![CDATA[expected [操作成功] but found [存在审批中或审批通过的撤销单据，不可重复撤销]]]>
            </message>
            <full-stacktrace>
              <![CDATA[java.lang.AssertionError: expected [操作成功] but found [存在审批中或审批通过的撤销单据，不可重复撤销]
	at org.testng.Assert.fail(Assert.java:94)
	at org.testng.Assert.failNotEquals(Assert.java:513)
	at org.testng.Assert.assertEqualsImpl(Assert.java:135)
	at org.testng.Assert.assertEquals(Assert.java:116)
	at org.testng.Assert.assertEquals(Assert.java:190)
	at org.testng.Assert.assertEquals(Assert.java:200)
	at com.ehr.cases.ehr_attendance.OvertimeRevocation(ehr_attendance.java:236)
	at sun.reflect.NativeMethodAccessorImpl.invoke0(Native Method)
	at sun.reflect.NativeMethodAccessorImpl.invoke(NativeMethodAccessorImpl.java:62)
	at sun.reflect.DelegatingMethodAccessorImpl.invoke(DelegatingMethodAccessorImpl.java:43)
	at java.lang.reflect.Method.invoke(Method.java:498)
	at org.testng.internal.MethodInvocationHelper.invokeMethod(MethodInvocationHelper.java:104)
	at org.testng.internal.Invoker.invokeMethod(Invoker.java:645)
	at org.testng.internal.Invoker.invokeTestMethod(Invoker.java:851)
	at org.testng.internal.Invoker.invokeTestMethods(Invoker.java:1177)
	at org.testng.internal.TestMethodWorker.invokeTestMethods(TestMethodWorker.java:129)
	at org.testng.internal.TestMethodWorker.run(TestMethodWorker.java:112)
	at org.testng.TestRunner.privateRun(TestRunner.java:756)
	at org.testng.TestRunner.run(TestRunner.java:610)
	at org.testng.SuiteRunner.runTest(SuiteRunner.java:387)
	at org.testng.SuiteRunner.runSequentially(SuiteRunner.java:382)
	at org.testng.SuiteRunner.privateRun(SuiteRunner.java:340)
	at org.testng.SuiteRunner.run(SuiteRunner.java:289)
	at org.testng.SuiteRunnerWorker.runSuite(SuiteRunnerWorker.java:52)
	at org.testng.SuiteRunnerWorker.run(SuiteRunnerWorker.java:86)
	at org.testng.TestNG.runSuitesSequentially(TestNG.java:1293)
	at org.testng.TestNG.runSuitesLocally(TestNG.java:1218)
	at org.testng.TestNG.runSuites(TestNG.java:1133)
	at org.testng.TestNG.run(TestNG.java:1104)
	at org.apache.maven.surefire.testng.TestNGExecutor.run(TestNGExecutor.java:74)
	at org.apache.maven.surefire.testng.TestNGXmlTestSuite.execute(TestNGXmlTestSuite.java:93)
	at org.apache.maven.surefire.testng.TestNGProvider.invoke(TestNGProvider.java:101)
	at sun.reflect.NativeMethodAccessorImpl.invoke0(Native Method)
	at sun.reflect.NativeMethodAccessorImpl.invoke(NativeMethodAccessorImpl.java:62)
	at sun.reflect.DelegatingMethodAccessorImpl.invoke(DelegatingMethodAccessorImpl.java:43)
	at java.lang.reflect.Method.invoke(Method.java:498)
	at org.apache.maven.surefire.booter.ProviderFactory$ClassLoaderProxy.invoke(ProviderFactory.java:103)
	at com.sun.proxy.$Proxy0.invoke(Unknown Source)
	at org.apache.maven.surefire.booter.SurefireStarter.invokeProvider(SurefireStarter.java:145)
	at org.apache.maven.surefire.booter.SurefireStarter.runSuitesInProcess(SurefireStarter.java:87)
	at org.apache.maven.surefire.booter.ForkedBooter.main(ForkedBooter.java:69)
]]>
            </full-stacktrace>
          </exception> <!-- java.lang.AssertionError -->
          <reporter-output>
          </reporter-output>
        </test-method> <!-- OvertimeRevocation -->
        <test-method status="PASS" signature="VacationRevocation()[pri:0, instance:com.ehr.cases.ehr_attendance@5a61f5df]" name="VacationRevocation" duration-ms="322" started-at="2020-07-07T19:19:28Z" description="销假" depends-on-methods="com.ehr.cases.ehr_attendance.myVacatoinPage" finished-at="2020-07-07T19:19:28Z">
          <reporter-output>
          </reporter-output>
        </test-method> <!-- VacationRevocation -->
        <test-method status="PASS" signature="taskTransfer()[pri:0, instance:com.ehr.cases.ehr_attendance@5a61f5df]" name="taskTransfer" duration-ms="1174" started-at="2020-07-07T19:19:28Z" description="发起转办" depends-on-methods="com.ehr.cases.ehr_attendance.getAllPageTask" finished-at="2020-07-07T19:19:30Z">
          <reporter-output>
          </reporter-output>
        </test-method> <!-- taskTransfer -->
        <test-method status="SKIP" signature="vacationApply()[pri:0, instance:com.ehr.cases.ehr_attendance@5a61f5df]" name="vacationApply" duration-ms="0" started-at="2020-07-07T19:19:30Z" description="请假" depends-on-methods="com.ehr.cases.ehr_attendance.findErroAttendace" finished-at="2020-07-07T19:19:30Z">
          <exception class="java.lang.Throwable">
            <message>
              <![CDATA[Method ehr_attendance.vacationApply()[pri:0, instance:com.ehr.cases.ehr_attendance@5a61f5df] depends on not successfully finished methods]]>
            </message>
            <full-stacktrace>
              <![CDATA[java.lang.Throwable: Method ehr_attendance.vacationApply()[pri:0, instance:com.ehr.cases.ehr_attendance@5a61f5df] depends on not successfully finished methods
	at org.testng.internal.Invoker.invokeTestMethods(Invoker.java:1068)
	at org.testng.internal.TestMethodWorker.invokeTestMethods(TestMethodWorker.java:129)
	at org.testng.internal.TestMethodWorker.run(TestMethodWorker.java:112)
	at org.testng.TestRunner.privateRun(TestRunner.java:756)
	at org.testng.TestRunner.run(TestRunner.java:610)
	at org.testng.SuiteRunner.runTest(SuiteRunner.java:387)
	at org.testng.SuiteRunner.runSequentially(SuiteRunner.java:382)
	at org.testng.SuiteRunner.privateRun(SuiteRunner.java:340)
	at org.testng.SuiteRunner.run(SuiteRunner.java:289)
	at org.testng.SuiteRunnerWorker.runSuite(SuiteRunnerWorker.java:52)
	at org.testng.SuiteRunnerWorker.run(SuiteRunnerWorker.java:86)
	at org.testng.TestNG.runSuitesSequentially(TestNG.java:1293)
	at org.testng.TestNG.runSuitesLocally(TestNG.java:1218)
	at org.testng.TestNG.runSuites(TestNG.java:1133)
	at org.testng.TestNG.run(TestNG.java:1104)
	at org.apache.maven.surefire.testng.TestNGExecutor.run(TestNGExecutor.java:74)
	at org.apache.maven.surefire.testng.TestNGXmlTestSuite.execute(TestNGXmlTestSuite.java:93)
	at org.apache.maven.surefire.testng.TestNGProvider.invoke(TestNGProvider.java:101)
	at sun.reflect.NativeMethodAccessorImpl.invoke0(Native Method)
	at sun.reflect.NativeMethodAccessorImpl.invoke(NativeMethodAccessorImpl.java:62)
	at sun.reflect.DelegatingMethodAccessorImpl.invoke(DelegatingMethodAccessorImpl.java:43)
	at java.lang.reflect.Method.invoke(Method.java:498)
	at org.apache.maven.surefire.booter.ProviderFactory$ClassLoaderProxy.invoke(ProviderFactory.java:103)
	at com.sun.proxy.$Proxy0.invoke(Unknown Source)
	at org.apache.maven.surefire.booter.SurefireStarter.invokeProvider(SurefireStarter.java:145)
	at org.apache.maven.surefire.booter.SurefireStarter.runSuitesInProcess(SurefireStarter.java:87)
	at org.apache.maven.surefire.booter.ForkedBooter.main(ForkedBooter.java:69)
]]>
            </full-stacktrace>
          </exception> <!-- java.lang.Throwable -->
          <reporter-output>
          </reporter-output>
        </test-method> <!-- vacationApply -->
        <test-method status="PASS" signature="TaskToDo()[pri:0, instance:com.ehr.cases.ehr_attendance@5a61f5df]" name="TaskToDo" duration-ms="161" started-at="2020-07-07T19:19:30Z" description="我的待办" depends-on-methods="com.ehr.cases.ehr_attendance.taskTransfer" finished-at="2020-07-07T19:19:30Z">
          <reporter-output>
          </reporter-output>
        </test-method> <!-- TaskToDo -->
        <test-method status="FAIL" signature="taskCompleteBatch()[pri:0, instance:com.ehr.cases.ehr_attendance@5a61f5df]" name="taskCompleteBatch" duration-ms="35" started-at="2020-07-07T19:19:30Z" description="批量审批" depends-on-methods="com.ehr.cases.ehr_attendance.TaskToDo" finished-at="2020-07-07T19:19:30Z">
          <exception class="java.lang.AssertionError">
            <message>
              <![CDATA[expected [操作成功] but found [离职申请审批,不支持批量操作,请重新选择]]]>
            </message>
            <full-stacktrace>
              <![CDATA[java.lang.AssertionError: expected [操作成功] but found [离职申请审批,不支持批量操作,请重新选择]
	at org.testng.Assert.fail(Assert.java:94)
	at org.testng.Assert.failNotEquals(Assert.java:513)
	at org.testng.Assert.assertEqualsImpl(Assert.java:135)
	at org.testng.Assert.assertEquals(Assert.java:116)
	at org.testng.Assert.assertEquals(Assert.java:190)
	at org.testng.Assert.assertEquals(Assert.java:200)
	at com.ehr.cases.ehr_attendance.taskCompleteBatch(ehr_attendance.java:387)
	at sun.reflect.NativeMethodAccessorImpl.invoke0(Native Method)
	at sun.reflect.NativeMethodAccessorImpl.invoke(NativeMethodAccessorImpl.java:62)
	at sun.reflect.DelegatingMethodAccessorImpl.invoke(DelegatingMethodAccessorImpl.java:43)
	at java.lang.reflect.Method.invoke(Method.java:498)
	at org.testng.internal.MethodInvocationHelper.invokeMethod(MethodInvocationHelper.java:104)
	at org.testng.internal.Invoker.invokeMethod(Invoker.java:645)
	at org.testng.internal.Invoker.invokeTestMethod(Invoker.java:851)
	at org.testng.internal.Invoker.invokeTestMethods(Invoker.java:1177)
	at org.testng.internal.TestMethodWorker.invokeTestMethods(TestMethodWorker.java:129)
	at org.testng.internal.TestMethodWorker.run(TestMethodWorker.java:112)
	at org.testng.TestRunner.privateRun(TestRunner.java:756)
	at org.testng.TestRunner.run(TestRunner.java:610)
	at org.testng.SuiteRunner.runTest(SuiteRunner.java:387)
	at org.testng.SuiteRunner.runSequentially(SuiteRunner.java:382)
	at org.testng.SuiteRunner.privateRun(SuiteRunner.java:340)
	at org.testng.SuiteRunner.run(SuiteRunner.java:289)
	at org.testng.SuiteRunnerWorker.runSuite(SuiteRunnerWorker.java:52)
	at org.testng.SuiteRunnerWorker.run(SuiteRunnerWorker.java:86)
	at org.testng.TestNG.runSuitesSequentially(TestNG.java:1293)
	at org.testng.TestNG.runSuitesLocally(TestNG.java:1218)
	at org.testng.TestNG.runSuites(TestNG.java:1133)
	at org.testng.TestNG.run(TestNG.java:1104)
	at org.apache.maven.surefire.testng.TestNGExecutor.run(TestNGExecutor.java:74)
	at org.apache.maven.surefire.testng.TestNGXmlTestSuite.execute(TestNGXmlTestSuite.java:93)
	at org.apache.maven.surefire.testng.TestNGProvider.invoke(TestNGProvider.java:101)
	at sun.reflect.NativeMethodAccessorImpl.invoke0(Native Method)
	at sun.reflect.NativeMethodAccessorImpl.invoke(NativeMethodAccessorImpl.java:62)
	at sun.reflect.DelegatingMethodAccessorImpl.invoke(DelegatingMethodAccessorImpl.java:43)
	at java.lang.reflect.Method.invoke(Method.java:498)
	at org.apache.maven.surefire.booter.ProviderFactory$ClassLoaderProxy.invoke(ProviderFactory.java:103)
	at com.sun.proxy.$Proxy0.invoke(Unknown Source)
	at org.apache.maven.surefire.booter.SurefireStarter.invokeProvider(SurefireStarter.java:145)
	at org.apache.maven.surefire.booter.SurefireStarter.runSuitesInProcess(SurefireStarter.java:87)
	at org.apache.maven.surefire.booter.ForkedBooter.main(ForkedBooter.java:69)
]]>
            </full-stacktrace>
          </exception> <!-- java.lang.AssertionError -->
          <reporter-output>
          </reporter-output>
        </test-method> <!-- taskCompleteBatch -->
      </class> <!-- com.ehr.cases.ehr_attendance -->
      <class name="com.ehr.cases.SuiteCases">
        <test-method status="PASS" signature="beforeSuite()[pri:0, instance:com.ehr.cases.SuiteCases@36f6e879]" name="beforeSuite" is-config="true" duration-ms="1658" started-at="2020-07-07T19:19:24Z" finished-at="2020-07-07T19:19:25Z">
          <reporter-output>
            <line>
              <![CDATA[7cebb5c41f5e4e73457a6037ae215a2f6212d74b7f84198d13e7c54135e240a89f94a3d525ef75772cc94ab3f6b30df38b2b846ea6a31687654f6317866ac2d9]]>
            </line>
          </reporter-output>
        </test-method> <!-- beforeSuite -->
        <test-method status="PASS" signature="afterSuite()[pri:0, instance:com.ehr.cases.SuiteCases@36f6e879]" name="afterSuite" is-config="true" duration-ms="1" started-at="2020-07-07T19:19:36Z" finished-at="2020-07-07T19:19:36Z">
          <reporter-output>
          </reporter-output>
        </test-method> <!-- afterSuite -->
      </class> <!-- com.ehr.cases.SuiteCases -->
      <class name="com.ehr.cases.ehr_links">
        <test-method status="PASS" signature="ehr_link(com.ehr.model.ehrLink)[pri:0, instance:com.ehr.cases.ehr_links@3551a94]" name="ehr_link" duration-ms="228" started-at="2020-07-07T19:19:30Z" data-provider="getlink" finished-at="2020-07-07T19:19:30Z">
          <params>
            <param index="0">
              <value>
                <![CDATA[ehr链接-流程-我的申请]]>
              </value>
            </param>
          </params>
          <reporter-output>
          </reporter-output>
        </test-method> <!-- ehr_link -->
        <test-method status="PASS" signature="ehr_link(com.ehr.model.ehrLink)[pri:0, instance:com.ehr.cases.ehr_links@3551a94]" name="ehr_link" duration-ms="112" started-at="2020-07-07T19:19:30Z" data-provider="getlink" finished-at="2020-07-07T19:19:30Z">
          <params>
            <param index="0">
              <value>
                <![CDATA[ehr链接-流程-我的申请-加班]]>
              </value>
            </param>
          </params>
          <reporter-output>
          </reporter-output>
        </test-method> <!-- ehr_link -->
        <test-method status="PASS" signature="ehr_link(com.ehr.model.ehrLink)[pri:0, instance:com.ehr.cases.ehr_links@3551a94]" name="ehr_link" duration-ms="180" started-at="2020-07-07T19:19:30Z" data-provider="getlink" finished-at="2020-07-07T19:19:30Z">
          <params>
            <param index="0">
              <value>
                <![CDATA[ehr链接-流程-我的申请-加班撤销]]>
              </value>
            </param>
          </params>
          <reporter-output>
          </reporter-output>
        </test-method> <!-- ehr_link -->
        <test-method status="PASS" signature="ehr_link(com.ehr.model.ehrLink)[pri:0, instance:com.ehr.cases.ehr_links@3551a94]" name="ehr_link" duration-ms="173" started-at="2020-07-07T19:19:30Z" data-provider="getlink" finished-at="2020-07-07T19:19:30Z">
          <params>
            <param index="0">
              <value>
                <![CDATA[ehr链接-流程-我的申请-请假]]>
              </value>
            </param>
          </params>
          <reporter-output>
          </reporter-output>
        </test-method> <!-- ehr_link -->
        <test-method status="PASS" signature="ehr_link(com.ehr.model.ehrLink)[pri:0, instance:com.ehr.cases.ehr_links@3551a94]" name="ehr_link" duration-ms="124" started-at="2020-07-07T19:19:30Z" data-provider="getlink" finished-at="2020-07-07T19:19:31Z">
          <params>
            <param index="0">
              <value>
                <![CDATA[ehr链接-流程-我的申请-销假]]>
              </value>
            </param>
          </params>
          <reporter-output>
          </reporter-output>
        </test-method> <!-- ehr_link -->
        <test-method status="PASS" signature="ehr_link(com.ehr.model.ehrLink)[pri:0, instance:com.ehr.cases.ehr_links@3551a94]" name="ehr_link" duration-ms="105" started-at="2020-07-07T19:19:31Z" data-provider="getlink" finished-at="2020-07-07T19:19:31Z">
          <params>
            <param index="0">
              <value>
                <![CDATA[ehr链接-流程-我的申请-加班补卡]]>
              </value>
            </param>
          </params>
          <reporter-output>
          </reporter-output>
        </test-method> <!-- ehr_link -->
        <test-method status="PASS" signature="ehr_link(com.ehr.model.ehrLink)[pri:0, instance:com.ehr.cases.ehr_links@3551a94]" name="ehr_link" duration-ms="196" started-at="2020-07-07T19:19:31Z" data-provider="getlink" finished-at="2020-07-07T19:19:31Z">
          <params>
            <param index="0">
              <value>
                <![CDATA[ehr链接-流程-我的申请-补签]]>
              </value>
            </param>
          </params>
          <reporter-output>
          </reporter-output>
        </test-method> <!-- ehr_link -->
        <test-method status="PASS" signature="ehr_link(com.ehr.model.ehrLink)[pri:0, instance:com.ehr.cases.ehr_links@3551a94]" name="ehr_link" duration-ms="50" started-at="2020-07-07T19:19:31Z" data-provider="getlink" finished-at="2020-07-07T19:19:31Z">
          <params>
            <param index="0">
              <value>
                <![CDATA[ehr链接-流程-我的申请-转正]]>
              </value>
            </param>
          </params>
          <reporter-output>
          </reporter-output>
        </test-method> <!-- ehr_link -->
        <test-method status="PASS" signature="ehr_link(com.ehr.model.ehrLink)[pri:0, instance:com.ehr.cases.ehr_links@3551a94]" name="ehr_link" duration-ms="27" started-at="2020-07-07T19:19:31Z" data-provider="getlink" finished-at="2020-07-07T19:19:31Z">
          <params>
            <param index="0">
              <value>
                <![CDATA[ehr链接-流程-我的申请-实习转正]]>
              </value>
            </param>
          </params>
          <reporter-output>
          </reporter-output>
        </test-method> <!-- ehr_link -->
        <test-method status="PASS" signature="ehr_link(com.ehr.model.ehrLink)[pri:0, instance:com.ehr.cases.ehr_links@3551a94]" name="ehr_link" duration-ms="126" started-at="2020-07-07T19:19:31Z" data-provider="getlink" finished-at="2020-07-07T19:19:31Z">
          <params>
            <param index="0">
              <value>
                <![CDATA[ehr链接-流程-审批中心-我的待办]]>
              </value>
            </param>
          </params>
          <reporter-output>
          </reporter-output>
        </test-method> <!-- ehr_link -->
        <test-method status="PASS" signature="ehr_link(com.ehr.model.ehrLink)[pri:0, instance:com.ehr.cases.ehr_links@3551a94]" name="ehr_link" duration-ms="237" started-at="2020-07-07T19:19:31Z" data-provider="getlink" finished-at="2020-07-07T19:19:31Z">
          <params>
            <param index="0">
              <value>
                <![CDATA[ehr链接-流程-审批中心-我的已办]]>
              </value>
            </param>
          </params>
          <reporter-output>
          </reporter-output>
        </test-method> <!-- ehr_link -->
        <test-method status="PASS" signature="ehr_link(com.ehr.model.ehrLink)[pri:0, instance:com.ehr.cases.ehr_links@3551a94]" name="ehr_link" duration-ms="266" started-at="2020-07-07T19:19:31Z" data-provider="getlink" finished-at="2020-07-07T19:19:32Z">
          <params>
            <param index="0">
              <value>
                <![CDATA[ehr链接-流程-审批中心-我参与的]]>
              </value>
            </param>
          </params>
          <reporter-output>
          </reporter-output>
        </test-method> <!-- ehr_link -->
        <test-method status="PASS" signature="ehr_link(com.ehr.model.ehrLink)[pri:0, instance:com.ehr.cases.ehr_links@3551a94]" name="ehr_link" duration-ms="55" started-at="2020-07-07T19:19:32Z" data-provider="getlink" finished-at="2020-07-07T19:19:32Z">
          <params>
            <param index="0">
              <value>
                <![CDATA[ehr链接-入职准备-待办]]>
              </value>
            </param>
          </params>
          <reporter-output>
          </reporter-output>
        </test-method> <!-- ehr_link -->
        <test-method status="PASS" signature="ehr_link(com.ehr.model.ehrLink)[pri:0, instance:com.ehr.cases.ehr_links@3551a94]" name="ehr_link" duration-ms="65" started-at="2020-07-07T19:19:32Z" data-provider="getlink" finished-at="2020-07-07T19:19:32Z">
          <params>
            <param index="0">
              <value>
                <![CDATA[ehr链接-入职准备-已办]]>
              </value>
            </param>
          </params>
          <reporter-output>
          </reporter-output>
        </test-method> <!-- ehr_link -->
        <test-method status="PASS" signature="ehr_link(com.ehr.model.ehrLink)[pri:0, instance:com.ehr.cases.ehr_links@3551a94]" name="ehr_link" duration-ms="114" started-at="2020-07-07T19:19:32Z" data-provider="getlink" finished-at="2020-07-07T19:19:32Z">
          <params>
            <param index="0">
              <value>
                <![CDATA[ehr链接-离职交接-待办]]>
              </value>
            </param>
          </params>
          <reporter-output>
          </reporter-output>
        </test-method> <!-- ehr_link -->
        <test-method status="PASS" signature="ehr_link(com.ehr.model.ehrLink)[pri:0, instance:com.ehr.cases.ehr_links@3551a94]" name="ehr_link" duration-ms="402" started-at="2020-07-07T19:19:32Z" data-provider="getlink" finished-at="2020-07-07T19:19:32Z">
          <params>
            <param index="0">
              <value>
                <![CDATA[ehr链接-离职交接-已办]]>
              </value>
            </param>
          </params>
          <reporter-output>
          </reporter-output>
        </test-method> <!-- ehr_link -->
        <test-method status="PASS" signature="ehr_link(com.ehr.model.ehrLink)[pri:0, instance:com.ehr.cases.ehr_links@3551a94]" name="ehr_link" duration-ms="122" started-at="2020-07-07T19:19:32Z" data-provider="getlink" finished-at="2020-07-07T19:19:32Z">
          <params>
            <param index="0">
              <value>
                <![CDATA[ehr链接-组织员工-人员管理]]>
              </value>
            </param>
          </params>
          <reporter-output>
          </reporter-output>
        </test-method> <!-- ehr_link -->
        <test-method status="PASS" signature="ehr_link(com.ehr.model.ehrLink)[pri:0, instance:com.ehr.cases.ehr_links@3551a94]" name="ehr_link" duration-ms="87" started-at="2020-07-07T19:19:32Z" data-provider="getlink" finished-at="2020-07-07T19:19:32Z">
          <params>
            <param index="0">
              <value>
                <![CDATA[ehr链接-组织员工-合同管理]]>
              </value>
            </param>
          </params>
          <reporter-output>
          </reporter-output>
        </test-method> <!-- ehr_link -->
        <test-method status="PASS" signature="ehr_link(com.ehr.model.ehrLink)[pri:0, instance:com.ehr.cases.ehr_links@3551a94]" name="ehr_link" duration-ms="62" started-at="2020-07-07T19:19:32Z" data-provider="getlink" finished-at="2020-07-07T19:19:32Z">
          <params>
            <param index="0">
              <value>
                <![CDATA[ehr链接-组织员工-组织管理]]>
              </value>
            </param>
          </params>
          <reporter-output>
          </reporter-output>
        </test-method> <!-- ehr_link -->
        <test-method status="PASS" signature="ehr_link(com.ehr.model.ehrLink)[pri:0, instance:com.ehr.cases.ehr_links@3551a94]" name="ehr_link" duration-ms="163" started-at="2020-07-07T19:19:32Z" data-provider="getlink" finished-at="2020-07-07T19:19:33Z">
          <params>
            <param index="0">
              <value>
                <![CDATA[ehr链接-组织员工-生效档案]]>
              </value>
            </param>
          </params>
          <reporter-output>
          </reporter-output>
        </test-method> <!-- ehr_link -->
        <test-method status="PASS" signature="ehr_link(com.ehr.model.ehrLink)[pri:0, instance:com.ehr.cases.ehr_links@3551a94]" name="ehr_link" duration-ms="241" started-at="2020-07-07T19:19:33Z" data-provider="getlink" finished-at="2020-07-07T19:19:33Z">
          <params>
            <param index="0">
              <value>
                <![CDATA[ehr链接-组织员工-全部档案]]>
              </value>
            </param>
          </params>
          <reporter-output>
          </reporter-output>
        </test-method> <!-- ehr_link -->
        <test-method status="PASS" signature="ehr_link(com.ehr.model.ehrLink)[pri:0, instance:com.ehr.cases.ehr_links@3551a94]" name="ehr_link" duration-ms="80" started-at="2020-07-07T19:19:33Z" data-provider="getlink" finished-at="2020-07-07T19:19:33Z">
          <params>
            <param index="0">
              <value>
                <![CDATA[ehr链接-假勤管理-排班管理]]>
              </value>
            </param>
          </params>
          <reporter-output>
          </reporter-output>
        </test-method> <!-- ehr_link -->
        <test-method status="PASS" signature="ehr_link(com.ehr.model.ehrLink)[pri:0, instance:com.ehr.cases.ehr_links@3551a94]" name="ehr_link" duration-ms="707" started-at="2020-07-07T19:19:33Z" data-provider="getlink" finished-at="2020-07-07T19:19:34Z">
          <params>
            <param index="0">
              <value>
                <![CDATA[ehr链接-假勤管理-考勤记录]]>
              </value>
            </param>
          </params>
          <reporter-output>
          </reporter-output>
        </test-method> <!-- ehr_link -->
        <test-method status="PASS" signature="ehr_link(com.ehr.model.ehrLink)[pri:0, instance:com.ehr.cases.ehr_links@3551a94]" name="ehr_link" duration-ms="327" started-at="2020-07-07T19:19:34Z" data-provider="getlink" finished-at="2020-07-07T19:19:34Z">
          <params>
            <param index="0">
              <value>
                <![CDATA[ehr链接-假勤管理-休假管理]]>
              </value>
            </param>
          </params>
          <reporter-output>
          </reporter-output>
        </test-method> <!-- ehr_link -->
        <test-method status="PASS" signature="ehr_link(com.ehr.model.ehrLink)[pri:0, instance:com.ehr.cases.ehr_links@3551a94]" name="ehr_link" duration-ms="252" started-at="2020-07-07T19:19:34Z" data-provider="getlink" finished-at="2020-07-07T19:19:34Z">
          <params>
            <param index="0">
              <value>
                <![CDATA[ehr链接-休假管理-审批中]]>
              </value>
            </param>
          </params>
          <reporter-output>
          </reporter-output>
        </test-method> <!-- ehr_link -->
        <test-method status="PASS" signature="ehr_link(com.ehr.model.ehrLink)[pri:0, instance:com.ehr.cases.ehr_links@3551a94]" name="ehr_link" duration-ms="286" started-at="2020-07-07T19:19:34Z" data-provider="getlink" finished-at="2020-07-07T19:19:35Z">
          <params>
            <param index="0">
              <value>
                <![CDATA[ehr链接-假勤管理-加班管理]]>
              </value>
            </param>
          </params>
          <reporter-output>
          </reporter-output>
        </test-method> <!-- ehr_link -->
        <test-method status="PASS" signature="ehr_link(com.ehr.model.ehrLink)[pri:0, instance:com.ehr.cases.ehr_links@3551a94]" name="ehr_link" duration-ms="201" started-at="2020-07-07T19:19:35Z" data-provider="getlink" finished-at="2020-07-07T19:19:35Z">
          <params>
            <param index="0">
              <value>
                <![CDATA[ehr链接-假勤管理-日报]]>
              </value>
            </param>
          </params>
          <reporter-output>
          </reporter-output>
        </test-method> <!-- ehr_link -->
        <test-method status="PASS" signature="ehr_link(com.ehr.model.ehrLink)[pri:0, instance:com.ehr.cases.ehr_links@3551a94]" name="ehr_link" duration-ms="57" started-at="2020-07-07T19:19:35Z" data-provider="getlink" finished-at="2020-07-07T19:19:35Z">
          <params>
            <param index="0">
              <value>
                <![CDATA[ehr链接-假勤管理-月报]]>
              </value>
            </param>
          </params>
          <reporter-output>
          </reporter-output>
        </test-method> <!-- ehr_link -->
        <test-method status="PASS" signature="ehr_link(com.ehr.model.ehrLink)[pri:0, instance:com.ehr.cases.ehr_links@3551a94]" name="ehr_link" duration-ms="127" started-at="2020-07-07T19:19:35Z" data-provider="getlink" finished-at="2020-07-07T19:19:35Z">
          <params>
            <param index="0">
              <value>
                <![CDATA[ehr链接-假勤管理-假期余额]]>
              </value>
            </param>
          </params>
          <reporter-output>
          </reporter-output>
        </test-method> <!-- ehr_link -->
        <test-method status="PASS" signature="ehr_link(com.ehr.model.ehrLink)[pri:0, instance:com.ehr.cases.ehr_links@3551a94]" name="ehr_link" duration-ms="125" started-at="2020-07-07T19:19:35Z" data-provider="getlink" finished-at="2020-07-07T19:19:35Z">
          <params>
            <param index="0">
              <value>
                <![CDATA[ehr链接-权限-用户管理]]>
              </value>
            </param>
          </params>
          <reporter-output>
          </reporter-output>
        </test-method> <!-- ehr_link -->
        <test-method status="PASS" signature="ehr_link(com.ehr.model.ehrLink)[pri:0, instance:com.ehr.cases.ehr_links@3551a94]" name="ehr_link" duration-ms="23" started-at="2020-07-07T19:19:35Z" data-provider="getlink" finished-at="2020-07-07T19:19:35Z">
          <params>
            <param index="0">
              <value>
                <![CDATA[ehr链接-权限-角色管理]]>
              </value>
            </param>
          </params>
          <reporter-output>
          </reporter-output>
        </test-method> <!-- ehr_link -->
        <test-method status="PASS" signature="ehr_link(com.ehr.model.ehrLink)[pri:0, instance:com.ehr.cases.ehr_links@3551a94]" name="ehr_link" duration-ms="22" started-at="2020-07-07T19:19:35Z" data-provider="getlink" finished-at="2020-07-07T19:19:35Z">
          <params>
            <param index="0">
              <value>
                <![CDATA[ehr链接-权限-管理单元]]>
              </value>
            </param>
          </params>
          <reporter-output>
          </reporter-output>
        </test-method> <!-- ehr_link -->
        <test-method status="PASS" signature="ehr_link(com.ehr.model.ehrLink)[pri:0, instance:com.ehr.cases.ehr_links@3551a94]" name="ehr_link" duration-ms="202" started-at="2020-07-07T19:19:35Z" data-provider="getlink" finished-at="2020-07-07T19:19:35Z">
          <params>
            <param index="0">
              <value>
                <![CDATA[ehr链接-流程监控]]>
              </value>
            </param>
          </params>
          <reporter-output>
          </reporter-output>
        </test-method> <!-- ehr_link -->
        <test-method status="PASS" signature="ehr_link(com.ehr.model.ehrLink)[pri:0, instance:com.ehr.cases.ehr_links@3551a94]" name="ehr_link" duration-ms="186" started-at="2020-07-07T19:19:35Z" data-provider="getlink" finished-at="2020-07-07T19:19:35Z">
          <params>
            <param index="0">
              <value>
                <![CDATA[ehr链接-流程监控-offer]]>
              </value>
            </param>
          </params>
          <reporter-output>
          </reporter-output>
        </test-method> <!-- ehr_link -->
        <test-method status="PASS" signature="ehr_link(com.ehr.model.ehrLink)[pri:0, instance:com.ehr.cases.ehr_links@3551a94]" name="ehr_link" duration-ms="27" started-at="2020-07-07T19:19:35Z" data-provider="getlink" finished-at="2020-07-07T19:19:35Z">
          <params>
            <param index="0">
              <value>
                <![CDATA[ehr链接-移动签到]]>
              </value>
            </param>
          </params>
          <reporter-output>
          </reporter-output>
        </test-method> <!-- ehr_link -->
        <test-method status="PASS" signature="ehr_link(com.ehr.model.ehrLink)[pri:0, instance:com.ehr.cases.ehr_links@3551a94]" name="ehr_link" duration-ms="33" started-at="2020-07-07T19:19:35Z" data-provider="getlink" finished-at="2020-07-07T19:19:36Z">
          <params>
            <param index="0">
              <value>
                <![CDATA[ehr链接-值集管理]]>
              </value>
            </param>
          </params>
          <reporter-output>
          </reporter-output>
        </test-method> <!-- ehr_link -->
        <test-method status="PASS" signature="ehr_link(com.ehr.model.ehrLink)[pri:0, instance:com.ehr.cases.ehr_links@3551a94]" name="ehr_link" duration-ms="24" started-at="2020-07-07T19:19:36Z" data-provider="getlink" finished-at="2020-07-07T19:19:36Z">
          <params>
            <param index="0">
              <value>
                <![CDATA[ehr链接-成本中心]]>
              </value>
            </param>
          </params>
          <reporter-output>
          </reporter-output>
        </test-method> <!-- ehr_link -->
        <test-method status="PASS" signature="ehr_link(com.ehr.model.ehrLink)[pri:0, instance:com.ehr.cases.ehr_links@3551a94]" name="ehr_link" duration-ms="15" started-at="2020-07-07T19:19:36Z" data-provider="getlink" finished-at="2020-07-07T19:19:36Z">
          <params>
            <param index="0">
              <value>
                <![CDATA[ehr链接-自动编码]]>
              </value>
            </param>
          </params>
          <reporter-output>
          </reporter-output>
        </test-method> <!-- ehr_link -->
        <test-method status="PASS" signature="ehr_link(com.ehr.model.ehrLink)[pri:0, instance:com.ehr.cases.ehr_links@3551a94]" name="ehr_link" duration-ms="19" started-at="2020-07-07T19:19:36Z" data-provider="getlink" finished-at="2020-07-07T19:19:36Z">
          <params>
            <param index="0">
              <value>
                <![CDATA[ehr链接-职级]]>
              </value>
            </param>
          </params>
          <reporter-output>
          </reporter-output>
        </test-method> <!-- ehr_link -->
        <test-method status="PASS" signature="ehr_link(com.ehr.model.ehrLink)[pri:0, instance:com.ehr.cases.ehr_links@3551a94]" name="ehr_link" duration-ms="23" started-at="2020-07-07T19:19:36Z" data-provider="getlink" finished-at="2020-07-07T19:19:36Z">
          <params>
            <param index="0">
              <value>
                <![CDATA[ehr链接-设置-考勤期间]]>
              </value>
            </param>
          </params>
          <reporter-output>
          </reporter-output>
        </test-method> <!-- ehr_link -->
        <test-method status="PASS" signature="ehr_link(com.ehr.model.ehrLink)[pri:0, instance:com.ehr.cases.ehr_links@3551a94]" name="ehr_link" duration-ms="21" started-at="2020-07-07T19:19:36Z" data-provider="getlink" finished-at="2020-07-07T19:19:36Z">
          <params>
            <param index="0">
              <value>
                <![CDATA[ehr链接-设置-考勤档案规则]]>
              </value>
            </param>
          </params>
          <reporter-output>
          </reporter-output>
        </test-method> <!-- ehr_link -->
        <test-method status="PASS" signature="ehr_link(com.ehr.model.ehrLink)[pri:0, instance:com.ehr.cases.ehr_links@3551a94]" name="ehr_link" duration-ms="20" started-at="2020-07-07T19:19:36Z" data-provider="getlink" finished-at="2020-07-07T19:19:36Z">
          <params>
            <param index="0">
              <value>
                <![CDATA[ehr链接-设置-考勤方案]]>
              </value>
            </param>
          </params>
          <reporter-output>
          </reporter-output>
        </test-method> <!-- ehr_link -->
        <test-method status="PASS" signature="ehr_link(com.ehr.model.ehrLink)[pri:0, instance:com.ehr.cases.ehr_links@3551a94]" name="ehr_link" duration-ms="67" started-at="2020-07-07T19:19:36Z" data-provider="getlink" finished-at="2020-07-07T19:19:36Z">
          <params>
            <param index="0">
              <value>
                <![CDATA[ehr链接-设置-班次]]>
              </value>
            </param>
          </params>
          <reporter-output>
          </reporter-output>
        </test-method> <!-- ehr_link -->
        <test-method status="PASS" signature="ehr_link(com.ehr.model.ehrLink)[pri:0, instance:com.ehr.cases.ehr_links@3551a94]" name="ehr_link" duration-ms="77" started-at="2020-07-07T19:19:36Z" data-provider="getlink" finished-at="2020-07-07T19:19:36Z">
          <params>
            <param index="0">
              <value>
                <![CDATA[ehr链接-设置-工作日历]]>
              </value>
            </param>
          </params>
          <reporter-output>
          </reporter-output>
        </test-method> <!-- ehr_link -->
        <test-method status="PASS" signature="ehr_link(com.ehr.model.ehrLink)[pri:0, instance:com.ehr.cases.ehr_links@3551a94]" name="ehr_link" duration-ms="21" started-at="2020-07-07T19:19:36Z" data-provider="getlink" finished-at="2020-07-07T19:19:36Z">
          <params>
            <param index="0">
              <value>
                <![CDATA[ehr链接-设置-法定假日]]>
              </value>
            </param>
          </params>
          <reporter-output>
          </reporter-output>
        </test-method> <!-- ehr_link -->
        <test-method status="PASS" signature="ehr_link(com.ehr.model.ehrLink)[pri:0, instance:com.ehr.cases.ehr_links@3551a94]" name="ehr_link" duration-ms="29" started-at="2020-07-07T19:19:36Z" data-provider="getlink" finished-at="2020-07-07T19:19:36Z">
          <params>
            <param index="0">
              <value>
                <![CDATA[ehr链接-通知]]>
              </value>
            </param>
          </params>
          <reporter-output>
          </reporter-output>
        </test-method> <!-- ehr_link -->
        <test-method status="PASS" signature="ehr_link(com.ehr.model.ehrLink)[pri:0, instance:com.ehr.cases.ehr_links@3551a94]" name="ehr_link" duration-ms="72" started-at="2020-07-07T19:19:36Z" data-provider="getlink" finished-at="2020-07-07T19:19:36Z">
          <params>
            <param index="0">
              <value>
                <![CDATA[ehr链接-我的考勤]]>
              </value>
            </param>
          </params>
          <reporter-output>
          </reporter-output>
        </test-method> <!-- ehr_link -->
        <test-method status="PASS" signature="ehr_link(com.ehr.model.ehrLink)[pri:0, instance:com.ehr.cases.ehr_links@3551a94]" name="ehr_link" duration-ms="0" started-at="2020-07-07T19:19:36Z" data-provider="getlink" finished-at="2020-07-07T19:19:36Z">
          <params>
            <param index="0">
              <value>
                <![CDATA[ehr链接-补签]]>
              </value>
            </param>
          </params>
          <reporter-output>
          </reporter-output>
        </test-method> <!-- ehr_link -->
        <test-method status="PASS" signature="ehr_link(com.ehr.model.ehrLink)[pri:0, instance:com.ehr.cases.ehr_links@3551a94]" name="ehr_link" duration-ms="48" started-at="2020-07-07T19:19:36Z" data-provider="getlink" finished-at="2020-07-07T19:19:36Z">
          <params>
            <param index="0">
              <value>
                <![CDATA[ehr链接-我的考勤-异常]]>
              </value>
            </param>
          </params>
          <reporter-output>
          </reporter-output>
        </test-method> <!-- ehr_link -->
        <test-method status="PASS" signature="ehr_link(com.ehr.model.ehrLink)[pri:0, instance:com.ehr.cases.ehr_links@3551a94]" name="ehr_link" duration-ms="0" started-at="2020-07-07T19:19:36Z" data-provider="getlink" finished-at="2020-07-07T19:19:36Z">
          <params>
            <param index="0">
              <value>
                <![CDATA[ehr链接-请假]]>
              </value>
            </param>
          </params>
          <reporter-output>
          </reporter-output>
        </test-method> <!-- ehr_link -->
        <test-method status="PASS" signature="ehr_link(com.ehr.model.ehrLink)[pri:0, instance:com.ehr.cases.ehr_links@3551a94]" name="ehr_link" duration-ms="0" started-at="2020-07-07T19:19:36Z" data-provider="getlink" finished-at="2020-07-07T19:19:36Z">
          <params>
            <param index="0">
              <value>
                <![CDATA[ehr链接-转办]]>
              </value>
            </param>
          </params>
          <reporter-output>
          </reporter-output>
        </test-method> <!-- ehr_link -->
        <test-method status="PASS" signature="ehr_link(com.ehr.model.ehrLink)[pri:0, instance:com.ehr.cases.ehr_links@3551a94]" name="ehr_link" duration-ms="0" started-at="2020-07-07T19:19:36Z" data-provider="getlink" finished-at="2020-07-07T19:19:36Z">
          <params>
            <param index="0">
              <value>
                <![CDATA[ehr链接-加班撤销]]>
              </value>
            </param>
          </params>
          <reporter-output>
          </reporter-output>
        </test-method> <!-- ehr_link -->
        <test-method status="PASS" signature="ehr_link(com.ehr.model.ehrLink)[pri:0, instance:com.ehr.cases.ehr_links@3551a94]" name="ehr_link" duration-ms="0" started-at="2020-07-07T19:19:36Z" data-provider="getlink" finished-at="2020-07-07T19:19:36Z">
          <params>
            <param index="0">
              <value>
                <![CDATA[ehr链接-工作日加班]]>
              </value>
            </param>
          </params>
          <reporter-output>
          </reporter-output>
        </test-method> <!-- ehr_link -->
        <test-method status="PASS" signature="ehr_link(com.ehr.model.ehrLink)[pri:0, instance:com.ehr.cases.ehr_links@3551a94]" name="ehr_link" duration-ms="13" started-at="2020-07-07T19:19:36Z" data-provider="getlink" finished-at="2020-07-07T19:19:36Z">
          <params>
            <param index="0">
              <value>
                <![CDATA[ehr链接-通知-全部已读]]>
              </value>
            </param>
          </params>
          <reporter-output>
          </reporter-output>
        </test-method> <!-- ehr_link -->
        <test-method status="PASS" signature="ehr_link(com.ehr.model.ehrLink)[pri:0, instance:com.ehr.cases.ehr_links@3551a94]" name="ehr_link" duration-ms="0" started-at="2020-07-07T19:19:36Z" data-provider="getlink" finished-at="2020-07-07T19:19:36Z">
          <params>
            <param index="0">
              <value>
                <![CDATA[ehr链接-我的加班-已审批]]>
              </value>
            </param>
          </params>
          <reporter-output>
          </reporter-output>
        </test-method> <!-- ehr_link -->
        <test-method status="PASS" signature="ehr_link(com.ehr.model.ehrLink)[pri:0, instance:com.ehr.cases.ehr_links@3551a94]" name="ehr_link" duration-ms="0" started-at="2020-07-07T19:19:36Z" data-provider="getlink" finished-at="2020-07-07T19:19:36Z">
          <params>
            <param index="0">
              <value>
                <![CDATA[ehr链接-批量审批]]>
              </value>
            </param>
          </params>
          <reporter-output>
          </reporter-output>
        </test-method> <!-- ehr_link -->
        <test-method status="PASS" signature="ehr_link(com.ehr.model.ehrLink)[pri:0, instance:com.ehr.cases.ehr_links@3551a94]" name="ehr_link" duration-ms="0" started-at="2020-07-07T19:19:36Z" data-provider="getlink" finished-at="2020-07-07T19:19:36Z">
          <params>
            <param index="0">
              <value>
                <![CDATA[ehr链接-我的请假-已审批]]>
              </value>
            </param>
          </params>
          <reporter-output>
          </reporter-output>
        </test-method> <!-- ehr_link -->
        <test-method status="PASS" signature="ehr_link(com.ehr.model.ehrLink)[pri:0, instance:com.ehr.cases.ehr_links@3551a94]" name="ehr_link" duration-ms="0" started-at="2020-07-07T19:19:36Z" data-provider="getlink" finished-at="2020-07-07T19:19:36Z">
          <params>
            <param index="0">
              <value>
                <![CDATA[ehr链接-销假]]>
              </value>
            </param>
          </params>
          <reporter-output>
          </reporter-output>
        </test-method> <!-- ehr_link -->
        <test-method status="PASS" signature="ehr_link(com.ehr.model.ehrLink)[pri:0, instance:com.ehr.cases.ehr_links@3551a94]" name="ehr_link" duration-ms="0" started-at="2020-07-07T19:19:36Z" data-provider="getlink" finished-at="2020-07-07T19:19:36Z">
          <params>
            <param index="0">
              <value>
                <![CDATA[ehr链接-档案-编辑]]>
              </value>
            </param>
          </params>
          <reporter-output>
          </reporter-output>
        </test-method> <!-- ehr_link -->
      </class> <!-- com.ehr.cases.ehr_links -->
    </test> <!-- ehr_test -->
  </suite> <!-- TestSuite -->
</testng-results>
