<?xml version="1.0" encoding="UTF-8" ?>
<testsuite tests="59" failures="47" name="TestSuite" time="8.001" errors="0" skipped="6">
  <properties>
[...]
</properties>
  <testcase classname="com.ehr.cases.ehr_attendance" name="findErroAttendace" time="1.556">
    <failure type="java.lang.NullPointerException">java.lang.NullPointerException
	at com.ehr.cases.ehr_attendance.findErroAttendace(ehr_attendance.java:75)
</failure>
    <system-out>@HL
@HL-------------------------------------------------------
@HL T E S T S
@HL-------------------------------------------------------
@SLRunning TestSuite
[TestNGContentHandler] [WARN] It is strongly recommended to add &quot;&lt;!DOCTYPE suite SYSTEM &quot;http://testng.org/testng-1.0.dtd&quot; &gt;&quot; at the top of your file, otherwise TestNG may fail or not work as expected.
73b6d491f7a4afe6f71475a22b36d2df04ca36444f0db60bac61e4b9e77a55379f94a3d525ef75772cc94ab3f6b30df3daacab7e187e0cefbf4e817853b74d14
{&quot;code&quot;:&quot;00001&quot;,&quot;message&quot;:&quot;登录已失效，请重新登录&quot;,&quot;success&quot;:false}
</system-out>
    <system-err>Loading class `com.mysql.jdbc.Driver&apos;. This is deprecated. The new driver class is `com.mysql.cj.jdbc.Driver&apos;. The driver is automatically registered via the SPI and manual loading of the driver class is generally unnecessary.
</system-err>
  </testcase>
  <testcase classname="com.ehr.cases.ehr_attendance" name="fillCheckApply" time="1.56">
    <skipped/>
  </testcase>
  <testcase classname="com.ehr.cases.ehr_attendance" name="vacationApply" time="1.562">
    <skipped/>
  </testcase>
  <testcase classname="com.ehr.cases.ehr_attendance" name="getAllPageTask" time="1.563">
    <skipped/>
  </testcase>
  <testcase classname="com.ehr.cases.ehr_attendance" name="taskTransfer" time="1.563">
    <skipped/>
  </testcase>
  <testcase classname="com.ehr.cases.ehr_attendance" name="TaskToDo" time="1.563">
    <skipped/>
  </testcase>
  <testcase classname="com.ehr.cases.ehr_attendance" name="taskCompleteBatch" time="1.564">
    <skipped/>
  </testcase>
  <testcase classname="com.ehr.cases.ehr_links2" name="ehr_link" time="0.012">
    <failure message="expected [操作成功] but found [登录已失效，请重新登录]" type="java.lang.AssertionError">java.lang.AssertionError: expected [操作成功] but found [登录已失效，请重新登录]
	at org.testng.Assert.fail(Assert.java:94)
	at org.testng.Assert.failNotEquals(Assert.java:513)
	at org.testng.Assert.assertEqualsImpl(Assert.java:135)
	at org.testng.Assert.assertEquals(Assert.java:116)
	at org.testng.Assert.assertEquals(Assert.java:190)
	at org.testng.Assert.assertEquals(Assert.java:200)
	at com.ehr.cases.ehr_links2.ehr_link(ehr_links2.java:54)
</failure>
    <system-out>1:流程-我的申请:登录已失效，请重新登录
</system-out>
  </testcase>
  <testcase classname="com.ehr.cases.ehr_links2" name="ehr_link" time="0.009">
    <failure message="expected [操作成功] but found [登录已失效，请重新登录]" type="java.lang.AssertionError">java.lang.AssertionError: expected [操作成功] but found [登录已失效，请重新登录]
	at org.testng.Assert.fail(Assert.java:94)
	at org.testng.Assert.failNotEquals(Assert.java:513)
	at org.testng.Assert.assertEqualsImpl(Assert.java:135)
	at org.testng.Assert.assertEquals(Assert.java:116)
	at org.testng.Assert.assertEquals(Assert.java:190)
	at org.testng.Assert.assertEquals(Assert.java:200)
	at com.ehr.cases.ehr_links2.ehr_link(ehr_links2.java:54)
</failure>
    <system-out>2:流程-我的申请-加班:登录已失效，请重新登录
</system-out>
  </testcase>
  <testcase classname="com.ehr.cases.ehr_links2" name="ehr_link" time="0.01">
    <failure message="expected [操作成功] but found [登录已失效，请重新登录]" type="java.lang.AssertionError">java.lang.AssertionError: expected [操作成功] but found [登录已失效，请重新登录]
	at org.testng.Assert.fail(Assert.java:94)
	at org.testng.Assert.failNotEquals(Assert.java:513)
	at org.testng.Assert.assertEqualsImpl(Assert.java:135)
	at org.testng.Assert.assertEquals(Assert.java:116)
	at org.testng.Assert.assertEquals(Assert.java:190)
	at org.testng.Assert.assertEquals(Assert.java:200)
	at com.ehr.cases.ehr_links2.ehr_link(ehr_links2.java:54)
</failure>
    <system-out>3:流程-我的申请-加班撤销:登录已失效，请重新登录
</system-out>
  </testcase>
  <testcase classname="com.ehr.cases.ehr_links2" name="ehr_link" time="0.008">
    <failure message="expected [操作成功] but found [登录已失效，请重新登录]" type="java.lang.AssertionError">java.lang.AssertionError: expected [操作成功] but found [登录已失效，请重新登录]
	at org.testng.Assert.fail(Assert.java:94)
	at org.testng.Assert.failNotEquals(Assert.java:513)
	at org.testng.Assert.assertEqualsImpl(Assert.java:135)
	at org.testng.Assert.assertEquals(Assert.java:116)
	at org.testng.Assert.assertEquals(Assert.java:190)
	at org.testng.Assert.assertEquals(Assert.java:200)
	at com.ehr.cases.ehr_links2.ehr_link(ehr_links2.java:54)
</failure>
    <system-out>4:流程-我的申请-请假:登录已失效，请重新登录
</system-out>
  </testcase>
  <testcase classname="com.ehr.cases.ehr_links2" name="ehr_link" time="0.008">
    <failure message="expected [操作成功] but found [登录已失效，请重新登录]" type="java.lang.AssertionError">java.lang.AssertionError: expected [操作成功] but found [登录已失效，请重新登录]
	at org.testng.Assert.fail(Assert.java:94)
	at org.testng.Assert.failNotEquals(Assert.java:513)
	at org.testng.Assert.assertEqualsImpl(Assert.java:135)
	at org.testng.Assert.assertEquals(Assert.java:116)
	at org.testng.Assert.assertEquals(Assert.java:190)
	at org.testng.Assert.assertEquals(Assert.java:200)
	at com.ehr.cases.ehr_links2.ehr_link(ehr_links2.java:54)
</failure>
    <system-out>5:流程-我的申请-销假:登录已失效，请重新登录
</system-out>
  </testcase>
  <testcase classname="com.ehr.cases.ehr_links2" name="ehr_link" time="0.009">
    <failure message="expected [操作成功] but found [登录已失效，请重新登录]" type="java.lang.AssertionError">java.lang.AssertionError: expected [操作成功] but found [登录已失效，请重新登录]
	at org.testng.Assert.fail(Assert.java:94)
	at org.testng.Assert.failNotEquals(Assert.java:513)
	at org.testng.Assert.assertEqualsImpl(Assert.java:135)
	at org.testng.Assert.assertEquals(Assert.java:116)
	at org.testng.Assert.assertEquals(Assert.java:190)
	at org.testng.Assert.assertEquals(Assert.java:200)
	at com.ehr.cases.ehr_links2.ehr_link(ehr_links2.java:54)
</failure>
    <system-out>6:流程-我的申请-加班补卡:登录已失效，请重新登录
</system-out>
  </testcase>
  <testcase classname="com.ehr.cases.ehr_links2" name="ehr_link" time="0.008">
    <failure message="expected [操作成功] but found [登录已失效，请重新登录]" type="java.lang.AssertionError">java.lang.AssertionError: expected [操作成功] but found [登录已失效，请重新登录]
	at org.testng.Assert.fail(Assert.java:94)
	at org.testng.Assert.failNotEquals(Assert.java:513)
	at org.testng.Assert.assertEqualsImpl(Assert.java:135)
	at org.testng.Assert.assertEquals(Assert.java:116)
	at org.testng.Assert.assertEquals(Assert.java:190)
	at org.testng.Assert.assertEquals(Assert.java:200)
	at com.ehr.cases.ehr_links2.ehr_link(ehr_links2.java:54)
</failure>
    <system-out>7:流程-我的申请-补签:登录已失效，请重新登录
</system-out>
  </testcase>
  <testcase classname="com.ehr.cases.ehr_links2" name="ehr_link" time="0.008">
    <failure message="expected [操作成功] but found [登录已失效，请重新登录]" type="java.lang.AssertionError">java.lang.AssertionError: expected [操作成功] but found [登录已失效，请重新登录]
	at org.testng.Assert.fail(Assert.java:94)
	at org.testng.Assert.failNotEquals(Assert.java:513)
	at org.testng.Assert.assertEqualsImpl(Assert.java:135)
	at org.testng.Assert.assertEquals(Assert.java:116)
	at org.testng.Assert.assertEquals(Assert.java:190)
	at org.testng.Assert.assertEquals(Assert.java:200)
	at com.ehr.cases.ehr_links2.ehr_link(ehr_links2.java:54)
</failure>
    <system-out>8:流程-我的申请-转正:登录已失效，请重新登录
</system-out>
  </testcase>
  <testcase classname="com.ehr.cases.ehr_links2" name="ehr_link" time="0.009">
    <failure message="expected [操作成功] but found [登录已失效，请重新登录]" type="java.lang.AssertionError">java.lang.AssertionError: expected [操作成功] but found [登录已失效，请重新登录]
	at org.testng.Assert.fail(Assert.java:94)
	at org.testng.Assert.failNotEquals(Assert.java:513)
	at org.testng.Assert.assertEqualsImpl(Assert.java:135)
	at org.testng.Assert.assertEquals(Assert.java:116)
	at org.testng.Assert.assertEquals(Assert.java:190)
	at org.testng.Assert.assertEquals(Assert.java:200)
	at com.ehr.cases.ehr_links2.ehr_link(ehr_links2.java:54)
</failure>
    <system-out>9:流程-我的申请-实习转正:登录已失效，请重新登录
</system-out>
  </testcase>
  <testcase classname="com.ehr.cases.ehr_links2" name="ehr_link" time="0.009">
    <failure message="expected [操作成功] but found [登录已失效，请重新登录]" type="java.lang.AssertionError">java.lang.AssertionError: expected [操作成功] but found [登录已失效，请重新登录]
	at org.testng.Assert.fail(Assert.java:94)
	at org.testng.Assert.failNotEquals(Assert.java:513)
	at org.testng.Assert.assertEqualsImpl(Assert.java:135)
	at org.testng.Assert.assertEquals(Assert.java:116)
	at org.testng.Assert.assertEquals(Assert.java:190)
	at org.testng.Assert.assertEquals(Assert.java:200)
	at com.ehr.cases.ehr_links2.ehr_link(ehr_links2.java:54)
</failure>
    <system-out>10:流程-我的待办:登录已失效，请重新登录
</system-out>
  </testcase>
  <testcase classname="com.ehr.cases.ehr_links2" name="ehr_link" time="0.009">
    <failure message="expected [操作成功] but found [登录已失效，请重新登录]" type="java.lang.AssertionError">java.lang.AssertionError: expected [操作成功] but found [登录已失效，请重新登录]
	at org.testng.Assert.fail(Assert.java:94)
	at org.testng.Assert.failNotEquals(Assert.java:513)
	at org.testng.Assert.assertEqualsImpl(Assert.java:135)
	at org.testng.Assert.assertEquals(Assert.java:116)
	at org.testng.Assert.assertEquals(Assert.java:190)
	at org.testng.Assert.assertEquals(Assert.java:200)
	at com.ehr.cases.ehr_links2.ehr_link(ehr_links2.java:54)
</failure>
    <system-out>11:流程-我的已办:登录已失效，请重新登录
</system-out>
  </testcase>
  <testcase classname="com.ehr.cases.ehr_links2" name="ehr_link" time="0.008">
    <failure message="expected [操作成功] but found [登录已失效，请重新登录]" type="java.lang.AssertionError">java.lang.AssertionError: expected [操作成功] but found [登录已失效，请重新登录]
	at org.testng.Assert.fail(Assert.java:94)
	at org.testng.Assert.failNotEquals(Assert.java:513)
	at org.testng.Assert.assertEqualsImpl(Assert.java:135)
	at org.testng.Assert.assertEquals(Assert.java:116)
	at org.testng.Assert.assertEquals(Assert.java:190)
	at org.testng.Assert.assertEquals(Assert.java:200)
	at com.ehr.cases.ehr_links2.ehr_link(ehr_links2.java:54)
</failure>
    <system-out>12:流程-我参与的:登录已失效，请重新登录
</system-out>
  </testcase>
  <testcase classname="com.ehr.cases.ehr_links2" name="ehr_link" time="0.009">
    <failure message="expected [操作成功] but found [登录已失效，请重新登录]" type="java.lang.AssertionError">java.lang.AssertionError: expected [操作成功] but found [登录已失效，请重新登录]
	at org.testng.Assert.fail(Assert.java:94)
	at org.testng.Assert.failNotEquals(Assert.java:513)
	at org.testng.Assert.assertEqualsImpl(Assert.java:135)
	at org.testng.Assert.assertEquals(Assert.java:116)
	at org.testng.Assert.assertEquals(Assert.java:190)
	at org.testng.Assert.assertEquals(Assert.java:200)
	at com.ehr.cases.ehr_links2.ehr_link(ehr_links2.java:54)
</failure>
    <system-out>13:入职准备-待办:登录已失效，请重新登录
</system-out>
  </testcase>
  <testcase classname="com.ehr.cases.ehr_links2" name="ehr_link" time="0.008">
    <failure message="expected [操作成功] but found [登录已失效，请重新登录]" type="java.lang.AssertionError">java.lang.AssertionError: expected [操作成功] but found [登录已失效，请重新登录]
	at org.testng.Assert.fail(Assert.java:94)
	at org.testng.Assert.failNotEquals(Assert.java:513)
	at org.testng.Assert.assertEqualsImpl(Assert.java:135)
	at org.testng.Assert.assertEquals(Assert.java:116)
	at org.testng.Assert.assertEquals(Assert.java:190)
	at org.testng.Assert.assertEquals(Assert.java:200)
	at com.ehr.cases.ehr_links2.ehr_link(ehr_links2.java:54)
</failure>
    <system-out>14:入职准备-已办:登录已失效，请重新登录
</system-out>
  </testcase>
  <testcase classname="com.ehr.cases.ehr_links2" name="ehr_link" time="0.009">
    <failure message="expected [操作成功] but found [登录已失效，请重新登录]" type="java.lang.AssertionError">java.lang.AssertionError: expected [操作成功] but found [登录已失效，请重新登录]
	at org.testng.Assert.fail(Assert.java:94)
	at org.testng.Assert.failNotEquals(Assert.java:513)
	at org.testng.Assert.assertEqualsImpl(Assert.java:135)
	at org.testng.Assert.assertEquals(Assert.java:116)
	at org.testng.Assert.assertEquals(Assert.java:190)
	at org.testng.Assert.assertEquals(Assert.java:200)
	at com.ehr.cases.ehr_links2.ehr_link(ehr_links2.java:54)
</failure>
    <system-out>15:离职交接-待办:登录已失效，请重新登录
</system-out>
  </testcase>
  <testcase classname="com.ehr.cases.ehr_links2" name="ehr_link" time="0.011">
    <failure message="expected [操作成功] but found [登录已失效，请重新登录]" type="java.lang.AssertionError">java.lang.AssertionError: expected [操作成功] but found [登录已失效，请重新登录]
	at org.testng.Assert.fail(Assert.java:94)
	at org.testng.Assert.failNotEquals(Assert.java:513)
	at org.testng.Assert.assertEqualsImpl(Assert.java:135)
	at org.testng.Assert.assertEquals(Assert.java:116)
	at org.testng.Assert.assertEquals(Assert.java:190)
	at org.testng.Assert.assertEquals(Assert.java:200)
	at com.ehr.cases.ehr_links2.ehr_link(ehr_links2.java:54)
</failure>
    <system-out>16:离职交接-已办:登录已失效，请重新登录
</system-out>
  </testcase>
  <testcase classname="com.ehr.cases.ehr_links2" name="ehr_link" time="0.009">
    <failure message="expected [操作成功] but found [登录已失效，请重新登录]" type="java.lang.AssertionError">java.lang.AssertionError: expected [操作成功] but found [登录已失效，请重新登录]
	at org.testng.Assert.fail(Assert.java:94)
	at org.testng.Assert.failNotEquals(Assert.java:513)
	at org.testng.Assert.assertEqualsImpl(Assert.java:135)
	at org.testng.Assert.assertEquals(Assert.java:116)
	at org.testng.Assert.assertEquals(Assert.java:190)
	at org.testng.Assert.assertEquals(Assert.java:200)
	at com.ehr.cases.ehr_links2.ehr_link(ehr_links2.java:54)
</failure>
    <system-out>17:组织员工-人员管理:登录已失效，请重新登录
</system-out>
  </testcase>
  <testcase classname="com.ehr.cases.ehr_links2" name="ehr_link" time="0.014">
    <failure message="expected [操作成功] but found [登录已失效，请重新登录]" type="java.lang.AssertionError">java.lang.AssertionError: expected [操作成功] but found [登录已失效，请重新登录]
	at org.testng.Assert.fail(Assert.java:94)
	at org.testng.Assert.failNotEquals(Assert.java:513)
	at org.testng.Assert.assertEqualsImpl(Assert.java:135)
	at org.testng.Assert.assertEquals(Assert.java:116)
	at org.testng.Assert.assertEquals(Assert.java:190)
	at org.testng.Assert.assertEquals(Assert.java:200)
	at com.ehr.cases.ehr_links2.ehr_link(ehr_links2.java:54)
</failure>
    <system-out>18:组织员工-合同管理:登录已失效，请重新登录
</system-out>
  </testcase>
  <testcase classname="com.ehr.cases.ehr_links2" name="ehr_link" time="0.008">
    <failure message="expected [操作成功] but found [登录已失效，请重新登录]" type="java.lang.AssertionError">java.lang.AssertionError: expected [操作成功] but found [登录已失效，请重新登录]
	at org.testng.Assert.fail(Assert.java:94)
	at org.testng.Assert.failNotEquals(Assert.java:513)
	at org.testng.Assert.assertEqualsImpl(Assert.java:135)
	at org.testng.Assert.assertEquals(Assert.java:116)
	at org.testng.Assert.assertEquals(Assert.java:190)
	at org.testng.Assert.assertEquals(Assert.java:200)
	at com.ehr.cases.ehr_links2.ehr_link(ehr_links2.java:54)
</failure>
    <system-out>19:组织员工-组织管理:登录已失效，请重新登录
</system-out>
  </testcase>
  <testcase classname="com.ehr.cases.ehr_links2" name="ehr_link" time="0.008">
    <failure message="expected [操作成功] but found [登录已失效，请重新登录]" type="java.lang.AssertionError">java.lang.AssertionError: expected [操作成功] but found [登录已失效，请重新登录]
	at org.testng.Assert.fail(Assert.java:94)
	at org.testng.Assert.failNotEquals(Assert.java:513)
	at org.testng.Assert.assertEqualsImpl(Assert.java:135)
	at org.testng.Assert.assertEquals(Assert.java:116)
	at org.testng.Assert.assertEquals(Assert.java:190)
	at org.testng.Assert.assertEquals(Assert.java:200)
	at com.ehr.cases.ehr_links2.ehr_link(ehr_links2.java:54)
</failure>
    <system-out>20:组织员工-生效档案:登录已失效，请重新登录
</system-out>
  </testcase>
  <testcase classname="com.ehr.cases.ehr_links2" name="ehr_link" time="0.008">
    <failure message="expected [操作成功] but found [登录已失效，请重新登录]" type="java.lang.AssertionError">java.lang.AssertionError: expected [操作成功] but found [登录已失效，请重新登录]
	at org.testng.Assert.fail(Assert.java:94)
	at org.testng.Assert.failNotEquals(Assert.java:513)
	at org.testng.Assert.assertEqualsImpl(Assert.java:135)
	at org.testng.Assert.assertEquals(Assert.java:116)
	at org.testng.Assert.assertEquals(Assert.java:190)
	at org.testng.Assert.assertEquals(Assert.java:200)
	at com.ehr.cases.ehr_links2.ehr_link(ehr_links2.java:54)
</failure>
    <system-out>21:组织员工-全部档案:登录已失效，请重新登录
</system-out>
  </testcase>
  <testcase classname="com.ehr.cases.ehr_links2" name="ehr_link" time="0.01">
    <failure message="expected [操作成功] but found [登录已失效，请重新登录]" type="java.lang.AssertionError">java.lang.AssertionError: expected [操作成功] but found [登录已失效，请重新登录]
	at org.testng.Assert.fail(Assert.java:94)
	at org.testng.Assert.failNotEquals(Assert.java:513)
	at org.testng.Assert.assertEqualsImpl(Assert.java:135)
	at org.testng.Assert.assertEquals(Assert.java:116)
	at org.testng.Assert.assertEquals(Assert.java:190)
	at org.testng.Assert.assertEquals(Assert.java:200)
	at com.ehr.cases.ehr_links2.ehr_link(ehr_links2.java:54)
</failure>
    <system-out>22:假勤管理-排班管理:登录已失效，请重新登录
</system-out>
  </testcase>
  <testcase classname="com.ehr.cases.ehr_links2" name="ehr_link" time="0.009">
    <failure message="expected [操作成功] but found [登录已失效，请重新登录]" type="java.lang.AssertionError">java.lang.AssertionError: expected [操作成功] but found [登录已失效，请重新登录]
	at org.testng.Assert.fail(Assert.java:94)
	at org.testng.Assert.failNotEquals(Assert.java:513)
	at org.testng.Assert.assertEqualsImpl(Assert.java:135)
	at org.testng.Assert.assertEquals(Assert.java:116)
	at org.testng.Assert.assertEquals(Assert.java:190)
	at org.testng.Assert.assertEquals(Assert.java:200)
	at com.ehr.cases.ehr_links2.ehr_link(ehr_links2.java:54)
</failure>
    <system-out>23:假勤管理-考勤记录:登录已失效，请重新登录
</system-out>
  </testcase>
  <testcase classname="com.ehr.cases.ehr_links2" name="ehr_link" time="0.012">
    <failure message="expected [操作成功] but found [登录已失效，请重新登录]" type="java.lang.AssertionError">java.lang.AssertionError: expected [操作成功] but found [登录已失效，请重新登录]
	at org.testng.Assert.fail(Assert.java:94)
	at org.testng.Assert.failNotEquals(Assert.java:513)
	at org.testng.Assert.assertEqualsImpl(Assert.java:135)
	at org.testng.Assert.assertEquals(Assert.java:116)
	at org.testng.Assert.assertEquals(Assert.java:190)
	at org.testng.Assert.assertEquals(Assert.java:200)
	at com.ehr.cases.ehr_links2.ehr_link(ehr_links2.java:54)
</failure>
    <system-out>24:假勤管理-休假管理:登录已失效，请重新登录
</system-out>
  </testcase>
  <testcase classname="com.ehr.cases.ehr_links2" name="ehr_link" time="0.012">
    <failure message="expected [操作成功] but found [登录已失效，请重新登录]" type="java.lang.AssertionError">java.lang.AssertionError: expected [操作成功] but found [登录已失效，请重新登录]
	at org.testng.Assert.fail(Assert.java:94)
	at org.testng.Assert.failNotEquals(Assert.java:513)
	at org.testng.Assert.assertEqualsImpl(Assert.java:135)
	at org.testng.Assert.assertEquals(Assert.java:116)
	at org.testng.Assert.assertEquals(Assert.java:190)
	at org.testng.Assert.assertEquals(Assert.java:200)
	at com.ehr.cases.ehr_links2.ehr_link(ehr_links2.java:54)
</failure>
    <system-out>25:休假管理-审批中:登录已失效，请重新登录
</system-out>
  </testcase>
  <testcase classname="com.ehr.cases.ehr_links2" name="ehr_link" time="0.01">
    <failure message="expected [操作成功] but found [登录已失效，请重新登录]" type="java.lang.AssertionError">java.lang.AssertionError: expected [操作成功] but found [登录已失效，请重新登录]
	at org.testng.Assert.fail(Assert.java:94)
	at org.testng.Assert.failNotEquals(Assert.java:513)
	at org.testng.Assert.assertEqualsImpl(Assert.java:135)
	at org.testng.Assert.assertEquals(Assert.java:116)
	at org.testng.Assert.assertEquals(Assert.java:190)
	at org.testng.Assert.assertEquals(Assert.java:200)
	at com.ehr.cases.ehr_links2.ehr_link(ehr_links2.java:54)
</failure>
    <system-out>26:假勤管理-加班管理:登录已失效，请重新登录
</system-out>
  </testcase>
  <testcase classname="com.ehr.cases.ehr_links2" name="ehr_link" time="0.009">
    <failure message="expected [操作成功] but found [登录已失效，请重新登录]" type="java.lang.AssertionError">java.lang.AssertionError: expected [操作成功] but found [登录已失效，请重新登录]
	at org.testng.Assert.fail(Assert.java:94)
	at org.testng.Assert.failNotEquals(Assert.java:513)
	at org.testng.Assert.assertEqualsImpl(Assert.java:135)
	at org.testng.Assert.assertEquals(Assert.java:116)
	at org.testng.Assert.assertEquals(Assert.java:190)
	at org.testng.Assert.assertEquals(Assert.java:200)
	at com.ehr.cases.ehr_links2.ehr_link(ehr_links2.java:54)
</failure>
    <system-out>27:假勤管理-日报:登录已失效，请重新登录
</system-out>
  </testcase>
  <testcase classname="com.ehr.cases.ehr_links2" name="ehr_link" time="0.01">
    <failure message="expected [操作成功] but found [登录已失效，请重新登录]" type="java.lang.AssertionError">java.lang.AssertionError: expected [操作成功] but found [登录已失效，请重新登录]
	at org.testng.Assert.fail(Assert.java:94)
	at org.testng.Assert.failNotEquals(Assert.java:513)
	at org.testng.Assert.assertEqualsImpl(Assert.java:135)
	at org.testng.Assert.assertEquals(Assert.java:116)
	at org.testng.Assert.assertEquals(Assert.java:190)
	at org.testng.Assert.assertEquals(Assert.java:200)
	at com.ehr.cases.ehr_links2.ehr_link(ehr_links2.java:54)
</failure>
    <system-out>28:假勤管理-月报:登录已失效，请重新登录
</system-out>
  </testcase>
  <testcase classname="com.ehr.cases.ehr_links2" name="ehr_link" time="0.011">
    <failure message="expected [操作成功] but found [登录已失效，请重新登录]" type="java.lang.AssertionError">java.lang.AssertionError: expected [操作成功] but found [登录已失效，请重新登录]
	at org.testng.Assert.fail(Assert.java:94)
	at org.testng.Assert.failNotEquals(Assert.java:513)
	at org.testng.Assert.assertEqualsImpl(Assert.java:135)
	at org.testng.Assert.assertEquals(Assert.java:116)
	at org.testng.Assert.assertEquals(Assert.java:190)
	at org.testng.Assert.assertEquals(Assert.java:200)
	at com.ehr.cases.ehr_links2.ehr_link(ehr_links2.java:54)
</failure>
    <system-out>29:假勤管理-假期余额:登录已失效，请重新登录
</system-out>
  </testcase>
  <testcase classname="com.ehr.cases.ehr_links2" name="ehr_link" time="0.007">
    <failure message="expected [操作成功] but found [登录已失效，请重新登录]" type="java.lang.AssertionError">java.lang.AssertionError: expected [操作成功] but found [登录已失效，请重新登录]
	at org.testng.Assert.fail(Assert.java:94)
	at org.testng.Assert.failNotEquals(Assert.java:513)
	at org.testng.Assert.assertEqualsImpl(Assert.java:135)
	at org.testng.Assert.assertEquals(Assert.java:116)
	at org.testng.Assert.assertEquals(Assert.java:190)
	at org.testng.Assert.assertEquals(Assert.java:200)
	at com.ehr.cases.ehr_links2.ehr_link(ehr_links2.java:54)
</failure>
    <system-out>30:权限-用户管理:登录已失效，请重新登录
</system-out>
  </testcase>
  <testcase classname="com.ehr.cases.ehr_links2" name="ehr_link" time="0.009">
    <failure message="expected [操作成功] but found [登录已失效，请重新登录]" type="java.lang.AssertionError">java.lang.AssertionError: expected [操作成功] but found [登录已失效，请重新登录]
	at org.testng.Assert.fail(Assert.java:94)
	at org.testng.Assert.failNotEquals(Assert.java:513)
	at org.testng.Assert.assertEqualsImpl(Assert.java:135)
	at org.testng.Assert.assertEquals(Assert.java:116)
	at org.testng.Assert.assertEquals(Assert.java:190)
	at org.testng.Assert.assertEquals(Assert.java:200)
	at com.ehr.cases.ehr_links2.ehr_link(ehr_links2.java:54)
</failure>
    <system-out>31:权限-角色管理:登录已失效，请重新登录
</system-out>
  </testcase>
  <testcase classname="com.ehr.cases.ehr_links2" name="ehr_link" time="0.008">
    <failure message="expected [操作成功] but found [登录已失效，请重新登录]" type="java.lang.AssertionError">java.lang.AssertionError: expected [操作成功] but found [登录已失效，请重新登录]
	at org.testng.Assert.fail(Assert.java:94)
	at org.testng.Assert.failNotEquals(Assert.java:513)
	at org.testng.Assert.assertEqualsImpl(Assert.java:135)
	at org.testng.Assert.assertEquals(Assert.java:116)
	at org.testng.Assert.assertEquals(Assert.java:190)
	at org.testng.Assert.assertEquals(Assert.java:200)
	at com.ehr.cases.ehr_links2.ehr_link(ehr_links2.java:54)
</failure>
    <system-out>32:权限-管理单元:登录已失效，请重新登录
</system-out>
  </testcase>
  <testcase classname="com.ehr.cases.ehr_links2" name="ehr_link" time="0.007">
    <failure message="expected [操作成功] but found [登录已失效，请重新登录]" type="java.lang.AssertionError">java.lang.AssertionError: expected [操作成功] but found [登录已失效，请重新登录]
	at org.testng.Assert.fail(Assert.java:94)
	at org.testng.Assert.failNotEquals(Assert.java:513)
	at org.testng.Assert.assertEqualsImpl(Assert.java:135)
	at org.testng.Assert.assertEquals(Assert.java:116)
	at org.testng.Assert.assertEquals(Assert.java:190)
	at org.testng.Assert.assertEquals(Assert.java:200)
	at com.ehr.cases.ehr_links2.ehr_link(ehr_links2.java:54)
</failure>
    <system-out>33:流程监控:登录已失效，请重新登录
</system-out>
  </testcase>
  <testcase classname="com.ehr.cases.ehr_links2" name="ehr_link" time="0.01">
    <failure message="expected [操作成功] but found [登录已失效，请重新登录]" type="java.lang.AssertionError">java.lang.AssertionError: expected [操作成功] but found [登录已失效，请重新登录]
	at org.testng.Assert.fail(Assert.java:94)
	at org.testng.Assert.failNotEquals(Assert.java:513)
	at org.testng.Assert.assertEqualsImpl(Assert.java:135)
	at org.testng.Assert.assertEquals(Assert.java:116)
	at org.testng.Assert.assertEquals(Assert.java:190)
	at org.testng.Assert.assertEquals(Assert.java:200)
	at com.ehr.cases.ehr_links2.ehr_link(ehr_links2.java:54)
</failure>
    <system-out>34:流程监控-offer:登录已失效，请重新登录
</system-out>
  </testcase>
  <testcase classname="com.ehr.cases.ehr_links2" name="ehr_link" time="0.012">
    <failure message="expected [操作成功] but found [登录已失效，请重新登录]" type="java.lang.AssertionError">java.lang.AssertionError: expected [操作成功] but found [登录已失效，请重新登录]
	at org.testng.Assert.fail(Assert.java:94)
	at org.testng.Assert.failNotEquals(Assert.java:513)
	at org.testng.Assert.assertEqualsImpl(Assert.java:135)
	at org.testng.Assert.assertEquals(Assert.java:116)
	at org.testng.Assert.assertEquals(Assert.java:190)
	at org.testng.Assert.assertEquals(Assert.java:200)
	at com.ehr.cases.ehr_links2.ehr_link(ehr_links2.java:54)
</failure>
    <system-out>35:移动签到:登录已失效，请重新登录
</system-out>
  </testcase>
  <testcase classname="com.ehr.cases.ehr_links2" name="ehr_link" time="0.009">
    <failure message="expected [操作成功] but found [登录已失效，请重新登录]" type="java.lang.AssertionError">java.lang.AssertionError: expected [操作成功] but found [登录已失效，请重新登录]
	at org.testng.Assert.fail(Assert.java:94)
	at org.testng.Assert.failNotEquals(Assert.java:513)
	at org.testng.Assert.assertEqualsImpl(Assert.java:135)
	at org.testng.Assert.assertEquals(Assert.java:116)
	at org.testng.Assert.assertEquals(Assert.java:190)
	at org.testng.Assert.assertEquals(Assert.java:200)
	at com.ehr.cases.ehr_links2.ehr_link(ehr_links2.java:54)
</failure>
    <system-out>36:值集管理:登录已失效，请重新登录
</system-out>
  </testcase>
  <testcase classname="com.ehr.cases.ehr_links2" name="ehr_link" time="0.014">
    <failure message="expected [操作成功] but found [登录已失效，请重新登录]" type="java.lang.AssertionError">java.lang.AssertionError: expected [操作成功] but found [登录已失效，请重新登录]
	at org.testng.Assert.fail(Assert.java:94)
	at org.testng.Assert.failNotEquals(Assert.java:513)
	at org.testng.Assert.assertEqualsImpl(Assert.java:135)
	at org.testng.Assert.assertEquals(Assert.java:116)
	at org.testng.Assert.assertEquals(Assert.java:190)
	at org.testng.Assert.assertEquals(Assert.java:200)
	at com.ehr.cases.ehr_links2.ehr_link(ehr_links2.java:54)
</failure>
    <system-out>37:成本中心:登录已失效，请重新登录
</system-out>
  </testcase>
  <testcase classname="com.ehr.cases.ehr_links2" name="ehr_link" time="0.007">
    <failure message="expected [操作成功] but found [登录已失效，请重新登录]" type="java.lang.AssertionError">java.lang.AssertionError: expected [操作成功] but found [登录已失效，请重新登录]
	at org.testng.Assert.fail(Assert.java:94)
	at org.testng.Assert.failNotEquals(Assert.java:513)
	at org.testng.Assert.assertEqualsImpl(Assert.java:135)
	at org.testng.Assert.assertEquals(Assert.java:116)
	at org.testng.Assert.assertEquals(Assert.java:190)
	at org.testng.Assert.assertEquals(Assert.java:200)
	at com.ehr.cases.ehr_links2.ehr_link(ehr_links2.java:54)
</failure>
    <system-out>38:自动编码:登录已失效，请重新登录
</system-out>
  </testcase>
  <testcase classname="com.ehr.cases.ehr_links2" name="ehr_link" time="0.009">
    <failure message="expected [操作成功] but found [登录已失效，请重新登录]" type="java.lang.AssertionError">java.lang.AssertionError: expected [操作成功] but found [登录已失效，请重新登录]
	at org.testng.Assert.fail(Assert.java:94)
	at org.testng.Assert.failNotEquals(Assert.java:513)
	at org.testng.Assert.assertEqualsImpl(Assert.java:135)
	at org.testng.Assert.assertEquals(Assert.java:116)
	at org.testng.Assert.assertEquals(Assert.java:190)
	at org.testng.Assert.assertEquals(Assert.java:200)
	at com.ehr.cases.ehr_links2.ehr_link(ehr_links2.java:54)
</failure>
    <system-out>39:职级:登录已失效，请重新登录
</system-out>
  </testcase>
  <testcase classname="com.ehr.cases.ehr_links2" name="ehr_link" time="0.024">
    <failure message="expected [操作成功] but found [登录已失效，请重新登录]" type="java.lang.AssertionError">java.lang.AssertionError: expected [操作成功] but found [登录已失效，请重新登录]
	at org.testng.Assert.fail(Assert.java:94)
	at org.testng.Assert.failNotEquals(Assert.java:513)
	at org.testng.Assert.assertEqualsImpl(Assert.java:135)
	at org.testng.Assert.assertEquals(Assert.java:116)
	at org.testng.Assert.assertEquals(Assert.java:190)
	at org.testng.Assert.assertEquals(Assert.java:200)
	at com.ehr.cases.ehr_links2.ehr_link(ehr_links2.java:54)
</failure>
    <system-out>40:设置-考勤期间:登录已失效，请重新登录
</system-out>
  </testcase>
  <testcase classname="com.ehr.cases.ehr_links2" name="ehr_link" time="0.008">
    <failure message="expected [操作成功] but found [登录已失效，请重新登录]" type="java.lang.AssertionError">java.lang.AssertionError: expected [操作成功] but found [登录已失效，请重新登录]
	at org.testng.Assert.fail(Assert.java:94)
	at org.testng.Assert.failNotEquals(Assert.java:513)
	at org.testng.Assert.assertEqualsImpl(Assert.java:135)
	at org.testng.Assert.assertEquals(Assert.java:116)
	at org.testng.Assert.assertEquals(Assert.java:190)
	at org.testng.Assert.assertEquals(Assert.java:200)
	at com.ehr.cases.ehr_links2.ehr_link(ehr_links2.java:54)
</failure>
    <system-out>41:设置-考勤档案规则:登录已失效，请重新登录
</system-out>
  </testcase>
  <testcase classname="com.ehr.cases.ehr_links2" name="ehr_link" time="0.01">
    <failure message="expected [操作成功] but found [登录已失效，请重新登录]" type="java.lang.AssertionError">java.lang.AssertionError: expected [操作成功] but found [登录已失效，请重新登录]
	at org.testng.Assert.fail(Assert.java:94)
	at org.testng.Assert.failNotEquals(Assert.java:513)
	at org.testng.Assert.assertEqualsImpl(Assert.java:135)
	at org.testng.Assert.assertEquals(Assert.java:116)
	at org.testng.Assert.assertEquals(Assert.java:190)
	at org.testng.Assert.assertEquals(Assert.java:200)
	at com.ehr.cases.ehr_links2.ehr_link(ehr_links2.java:54)
</failure>
    <system-out>42:设置-考勤方案:登录已失效，请重新登录
</system-out>
  </testcase>
  <testcase classname="com.ehr.cases.ehr_links2" name="ehr_link" time="0.011">
    <failure message="expected [操作成功] but found [登录已失效，请重新登录]" type="java.lang.AssertionError">java.lang.AssertionError: expected [操作成功] but found [登录已失效，请重新登录]
	at org.testng.Assert.fail(Assert.java:94)
	at org.testng.Assert.failNotEquals(Assert.java:513)
	at org.testng.Assert.assertEqualsImpl(Assert.java:135)
	at org.testng.Assert.assertEquals(Assert.java:116)
	at org.testng.Assert.assertEquals(Assert.java:190)
	at org.testng.Assert.assertEquals(Assert.java:200)
	at com.ehr.cases.ehr_links2.ehr_link(ehr_links2.java:54)
</failure>
    <system-out>43:设置-班次:登录已失效，请重新登录
</system-out>
  </testcase>
  <testcase classname="com.ehr.cases.ehr_links2" name="ehr_link" time="0.007">
    <failure message="expected [操作成功] but found [登录已失效，请重新登录]" type="java.lang.AssertionError">java.lang.AssertionError: expected [操作成功] but found [登录已失效，请重新登录]
	at org.testng.Assert.fail(Assert.java:94)
	at org.testng.Assert.failNotEquals(Assert.java:513)
	at org.testng.Assert.assertEqualsImpl(Assert.java:135)
	at org.testng.Assert.assertEquals(Assert.java:116)
	at org.testng.Assert.assertEquals(Assert.java:190)
	at org.testng.Assert.assertEquals(Assert.java:200)
	at com.ehr.cases.ehr_links2.ehr_link(ehr_links2.java:54)
</failure>
    <system-out>44:设置-工作日历:登录已失效，请重新登录
</system-out>
  </testcase>
  <testcase classname="com.ehr.cases.ehr_links2" name="ehr_link" time="0.015">
    <failure message="expected [操作成功] but found [登录已失效，请重新登录]" type="java.lang.AssertionError">java.lang.AssertionError: expected [操作成功] but found [登录已失效，请重新登录]
	at org.testng.Assert.fail(Assert.java:94)
	at org.testng.Assert.failNotEquals(Assert.java:513)
	at org.testng.Assert.assertEqualsImpl(Assert.java:135)
	at org.testng.Assert.assertEquals(Assert.java:116)
	at org.testng.Assert.assertEquals(Assert.java:190)
	at org.testng.Assert.assertEquals(Assert.java:200)
	at com.ehr.cases.ehr_links2.ehr_link(ehr_links2.java:54)
</failure>
    <system-out>45:设置-法定假日:登录已失效，请重新登录
</system-out>
  </testcase>
  <testcase classname="com.ehr.cases.ehr_links2" name="ehr_link" time="0.01">
    <failure message="expected [操作成功] but found [登录已失效，请重新登录]" type="java.lang.AssertionError">java.lang.AssertionError: expected [操作成功] but found [登录已失效，请重新登录]
	at org.testng.Assert.fail(Assert.java:94)
	at org.testng.Assert.failNotEquals(Assert.java:513)
	at org.testng.Assert.assertEqualsImpl(Assert.java:135)
	at org.testng.Assert.assertEquals(Assert.java:116)
	at org.testng.Assert.assertEquals(Assert.java:190)
	at org.testng.Assert.assertEquals(Assert.java:200)
	at com.ehr.cases.ehr_links2.ehr_link(ehr_links2.java:54)
</failure>
    <system-out>46:通知:登录已失效，请重新登录
</system-out>
  </testcase>
  <testcase classname="com.ehr.cases.ehr_links2" name="ehr_link" time="0"/>
  <testcase classname="com.ehr.cases.ehr_links2" name="ehr_link" time="0.001"/>
  <testcase classname="com.ehr.cases.ehr_links2" name="ehr_link" time="0"/>
  <testcase classname="com.ehr.cases.ehr_links2" name="ehr_link" time="0.001"/>
  <testcase classname="com.ehr.cases.ehr_links2" name="ehr_link" time="0"/>
  <testcase classname="com.ehr.cases.ehr_links2" name="ehr_link" time="0"/>
</testsuite>